<?xml version="1.0" encoding="UTF-8"?><testsuites failures="63" name="dependency-check" tests="129"><testsuite failures="0" errors="0" time="0" id="0" name="/Users/mradl/.m2/repository/com/zaxxer/HikariCP/5.0.1/HikariCP-5.0.1.jar" package="HikariCP-5.0.1.jar" skipped="0" tests="1" timestamp="2024-02-23T20:35:51.275962"><testcase classname="dependency-check" name="HikariCP-5.0.1.jar"/></testsuite><testsuite failures="0" errors="0" time="0" id="1" name="/Users/mradl/.m2/repository/org/antlr/ST4/4.3/ST4-4.3.jar" package="ST4-4.3.jar" skipped="0" tests="1" timestamp="2024-02-23T20:35:51.275962"><testcase classname="dependency-check" name="ST4-4.3.jar"/></testsuite><testsuite failures="0" errors="0" time="0" id="2" name="/Users/mradl/.m2/repository/org/antlr/antlr-runtime/3.5.2/antlr-runtime-3.5.2.jar" package="antlr-runtime-3.5.2.jar" skipped="0" tests="1" timestamp="2024-02-23T20:35:51.275962"><testcase classname="dependency-check" name="antlr-runtime-3.5.2.jar"/></testsuite><testsuite failures="0" errors="0" time="0" id="3" name="/Users/mradl/.m2/repository/org/antlr/antlr4/4.9.2/antlr4-4.9.2.jar" package="antlr4-4.9.2.jar" skipped="0" tests="1" timestamp="2024-02-23T20:35:51.275962"><testcase classname="dependency-check" name="antlr4-4.9.2.jar"/></testsuite><testsuite failures="0" errors="0" time="0" id="4" name="/Users/mradl/.m2/repository/org/antlr/antlr4-runtime/4.9.2/antlr4-runtime-4.9.2.jar" package="antlr4-runtime-4.9.2.jar" skipped="0" tests="1" timestamp="2024-02-23T20:35:51.275962"><testcase classname="dependency-check" name="antlr4-runtime-4.9.2.jar"/></testsuite><testsuite failures="0" errors="0" time="0" id="5" name="/Users/mradl/.m2/repository/org/ow2/asm/asm-all/4.2/asm-all-4.2.jar" package="asm-all-4.2.jar" skipped="0" tests="1" timestamp="2024-02-23T20:35:51.275962"><testcase classname="dependency-check" name="asm-all-4.2.jar"/></testsuite><testsuite failures="1" errors="0" time="0" id="6" name="/Users/mradl/.m2/repository/org/bouncycastle/bcpkix-jdk15on/1.70/bcpkix-jdk15on-1.70.jar" package="bcpkix-jdk15on-1.70.jar" skipped="0" tests="1" timestamp="2024-02-23T20:35:51.275962"><testcase classname="CVE-2023-33202" name="pkg:maven/org.bouncycastle/bcpkix-jdk15on@1.70"><failure message="cvssV3: MEDIUM, score: 5.5 (CVSS:3.1/AV:L/AC:L/PR:N/UI:R/S:U/C:N/I:N/A:H/E:1.8/RC:R/MAV:A)"/><system-out>Bouncy Castle for Java before 1.73 contains a potential Denial of Service (DoS) issue within the Bouncy Castle org.bouncycastle.openssl.PEMParser class. This class parses OpenSSL PEM encoded streams containing X.509 certificates, PKCS8 encoded keys, and PKCS7 objects. Parsing a file that has crafted ASN.1 data through the PEMParser causes an OutOfMemoryError, which can enable a denial of service attack. (For users of the FIPS Java API: BC-FJA 1.0.2.3 and earlier are affected; BC-FJA 1.0.2.4 is fixed.)</system-out><system-err>location: /Users/mradl/.m2/repository/org/bouncycastle/bcpkix-jdk15on/1.70/bcpkix-jdk15on-1.70.jar, project-references: [  ]</system-err></testcase></testsuite><testsuite failures="2" errors="0" time="0" id="7" name="/Users/mradl/.m2/repository/org/bouncycastle/bcprov-jdk15on/1.70/bcprov-jdk15on-1.70.jar" package="bcprov-jdk15on-1.70.jar" skipped="0" tests="2" timestamp="2024-02-23T20:35:51.275962"><testcase classname="CVE-2023-33202" name="pkg:maven/org.bouncycastle/bcprov-jdk15on@1.70"><failure message="cvssV3: MEDIUM, score: 5.5 (CVSS:3.1/AV:L/AC:L/PR:N/UI:R/S:U/C:N/I:N/A:H/E:1.8/RC:R/MAV:A)"/><system-out>Bouncy Castle for Java before 1.73 contains a potential Denial of Service (DoS) issue within the Bouncy Castle org.bouncycastle.openssl.PEMParser class. This class parses OpenSSL PEM encoded streams containing X.509 certificates, PKCS8 encoded keys, and PKCS7 objects. Parsing a file that has crafted ASN.1 data through the PEMParser causes an OutOfMemoryError, which can enable a denial of service attack. (For users of the FIPS Java API: BC-FJA 1.0.2.3 and earlier are affected; BC-FJA 1.0.2.4 is fixed.)</system-out><system-err>location: /Users/mradl/.m2/repository/org/bouncycastle/bcprov-jdk15on/1.70/bcprov-jdk15on-1.70.jar, project-references: [  ]</system-err></testcase><testcase classname="CVE-2023-33201" name="pkg:maven/org.bouncycastle/bcprov-jdk15on@1.70"><failure message="cvssV3: MEDIUM, score: 5.300000190734863 (CVSS:3.1/AV:N/AC:L/PR:N/UI:N/S:U/C:L/I:N/A:N)"/><system-out>Bouncy Castle For Java before 1.74 is affected by an LDAP injection vulnerability. The vulnerability only affects applications that use an LDAP CertStore from Bouncy Castle to validate X.509 certificates. During the certificate validation process, Bouncy Castle inserts the certificate&apos;s Subject Name into an LDAP search filter without any escaping, which leads to an LDAP injection vulnerability.</system-out><system-err>location: /Users/mradl/.m2/repository/org/bouncycastle/bcprov-jdk15on/1.70/bcprov-jdk15on-1.70.jar, project-references: [  ]</system-err></testcase></testsuite><testsuite failures="1" errors="0" time="0" id="8" name="/Users/mradl/.m2/repository/org/bouncycastle/bcutil-jdk15on/1.70/bcutil-jdk15on-1.70.jar" package="bcutil-jdk15on-1.70.jar" skipped="0" tests="1" timestamp="2024-02-23T20:35:51.275962"><testcase classname="CVE-2023-33202" name="pkg:maven/org.bouncycastle/bcutil-jdk15on@1.70"><failure message="cvssV3: MEDIUM, score: 5.5 (CVSS:3.1/AV:L/AC:L/PR:N/UI:R/S:U/C:N/I:N/A:H/E:1.8/RC:R/MAV:A)"/><system-out>Bouncy Castle for Java before 1.73 contains a potential Denial of Service (DoS) issue within the Bouncy Castle org.bouncycastle.openssl.PEMParser class. This class parses OpenSSL PEM encoded streams containing X.509 certificates, PKCS8 encoded keys, and PKCS7 objects. Parsing a file that has crafted ASN.1 data through the PEMParser causes an OutOfMemoryError, which can enable a denial of service attack. (For users of the FIPS Java API: BC-FJA 1.0.2.3 and earlier are affected; BC-FJA 1.0.2.4 is fixed.)</system-out><system-err>location: /Users/mradl/.m2/repository/org/bouncycastle/bcutil-jdk15on/1.70/bcutil-jdk15on-1.70.jar, project-references: [  ]</system-err></testcase></testsuite><testsuite failures="0" errors="0" time="0" id="9" name="/Users/mradl/.m2/repository/better-cond/better-cond/2.1.5/better-cond-2.1.5.jar" package="better-cond-2.1.5.jar" skipped="0" tests="1" timestamp="2024-02-23T20:35:51.275962"><testcase classname="dependency-check" name="better-cond-2.1.5.jar"/></testsuite><testsuite failures="0" errors="0" time="0" id="10" name="/Users/mradl/.m2/repository/bidi/bidi/2.1.6/bidi-2.1.6.jar" package="bidi-2.1.6.jar" skipped="0" tests="1" timestamp="2024-02-23T20:35:51.275962"><testcase classname="dependency-check" name="bidi-2.1.6.jar"/></testsuite><testsuite failures="0" errors="0" time="0" id="11" name="/Users/mradl/.m2/repository/buddy/buddy-core/1.10.413/buddy-core-1.10.413.jar" package="buddy-core-1.10.413.jar" skipped="0" tests="1" timestamp="2024-02-23T20:35:51.275962"><testcase classname="dependency-check" name="buddy-core-1.10.413.jar"/></testsuite><testsuite failures="0" errors="0" time="0" id="12" name="/Users/mradl/.m2/repository/buddy/buddy-sign/3.4.333/buddy-sign-3.4.333.jar" package="buddy-sign-3.4.333.jar" skipped="0" tests="1" timestamp="2024-02-23T20:35:51.275962"><testcase classname="dependency-check" name="buddy-sign-3.4.333.jar"/></testsuite><testsuite failures="0" errors="0" time="0" id="13" name="/Users/mradl/.m2/repository/camel-snake-kebab/camel-snake-kebab/0.4.2/camel-snake-kebab-0.4.2.jar" package="camel-snake-kebab-0.4.2.jar" skipped="0" tests="1" timestamp="2024-02-23T20:35:51.275962"><testcase classname="dependency-check" name="camel-snake-kebab-0.4.2.jar"/></testsuite><testsuite failures="0" errors="0" time="0" id="14" name="/Users/mradl/.m2/repository/cheshire/cheshire/5.10.1/cheshire-5.10.1.jar" package="cheshire-5.10.1.jar" skipped="0" tests="1" timestamp="2024-02-23T20:35:51.275962"><testcase classname="dependency-check" name="cheshire-5.10.1.jar"/></testsuite><testsuite failures="0" errors="0" time="0" id="15" name="/Users/mradl/.m2/repository/clj-antlr/clj-antlr/0.2.10/clj-antlr-0.2.10.jar" package="clj-antlr-0.2.10.jar" skipped="0" tests="1" timestamp="2024-02-23T20:35:51.275962"><testcase classname="dependency-check" name="clj-antlr-0.2.10.jar"/></testsuite><testsuite failures="0" errors="0" time="0" id="16" name="/Users/mradl/.m2/repository/clj-http/clj-http/3.12.3/clj-http-3.12.3.jar" package="clj-http-3.12.3.jar" skipped="0" tests="1" timestamp="2024-02-23T20:35:51.275962"><testcase classname="dependency-check" name="clj-http-3.12.3.jar"/></testsuite><testsuite failures="0" errors="0" time="0" id="17" name="/Users/mradl/.m2/repository/clj-pid/clj-pid/0.1.2/clj-pid-0.1.2.jar" package="clj-pid-0.1.2.jar" skipped="0" tests="1" timestamp="2024-02-23T20:35:51.275962"><testcase classname="dependency-check" name="clj-pid-0.1.2.jar"/></testsuite><testsuite failures="0" errors="0" time="0" id="18" name="/Users/mradl/.m2/repository/clj-stacktrace/clj-stacktrace/0.2.8/clj-stacktrace-0.2.8.jar" package="clj-stacktrace-0.2.8.jar" skipped="0" tests="1" timestamp="2024-02-23T20:35:51.275962"><testcase classname="dependency-check" name="clj-stacktrace-0.2.8.jar"/></testsuite><testsuite failures="0" errors="0" time="0" id="19" name="/Users/mradl/.m2/repository/clj-time/clj-time/0.15.2/clj-time-0.15.2.jar" package="clj-time-0.15.2.jar" skipped="0" tests="1" timestamp="2024-02-23T20:35:51.275962"><testcase classname="dependency-check" name="clj-time-0.15.2.jar"/></testsuite><testsuite failures="0" errors="0" time="0" id="20" name="/Users/mradl/.m2/repository/clj-tuple/clj-tuple/0.2.2/clj-tuple-0.2.2.jar" package="clj-tuple-0.2.2.jar" skipped="0" tests="1" timestamp="2024-02-23T20:35:51.275962"><testcase classname="dependency-check" name="clj-tuple-0.2.2.jar"/></testsuite><testsuite failures="0" errors="0" time="0" id="21" name="/Users/mradl/.m2/repository/clj-commons/clj-yaml/0.7.107/clj-yaml-0.7.107.jar" package="clj-yaml-0.7.107.jar" skipped="0" tests="1" timestamp="2024-02-23T20:35:51.275962"><testcase classname="dependency-check" name="clj-yaml-0.7.107.jar"/></testsuite><testsuite failures="0" errors="0" time="0" id="22" name="/Users/mradl/.m2/repository/cljc/java-time/cljc.java-time/0.1.18/cljc.java-time-0.1.18.jar" package="cljc.java-time-0.1.18.jar" skipped="0" tests="1" timestamp="2024-02-23T20:35:51.275962"><testcase classname="dependency-check" name="cljc.java-time-0.1.18.jar"/></testsuite><testsuite failures="0" errors="0" time="0" id="23" name="/Users/mradl/.m2/repository/cljs-http/cljs-http/0.1.46/cljs-http-0.1.46.jar" package="cljs-http-0.1.46.jar" skipped="0" tests="1" timestamp="2024-02-23T20:35:51.275962"><testcase classname="dependency-check" name="cljs-http-0.1.46.jar"/></testsuite><testsuite failures="0" errors="0" time="0" id="24" name="/Users/mradl/.m2/repository/com/andrewmcveigh/cljs-time/0.4.0/cljs-time-0.4.0.jar" package="cljs-time-0.4.0.jar" skipped="0" tests="1" timestamp="2024-02-23T20:35:51.275962"><testcase classname="dependency-check" name="cljs-time-0.4.0.jar"/></testsuite><testsuite failures="0" errors="0" time="0" id="25" name="/Users/mradl/.m2/repository/com/lucasbradstreet/cljs-uuid-utils/1.0.2/cljs-uuid-utils-1.0.2.jar" package="cljs-uuid-utils-1.0.2.jar" skipped="0" tests="1" timestamp="2024-02-23T20:35:51.275962"><testcase classname="dependency-check" name="cljs-uuid-utils-1.0.2.jar"/></testsuite><testsuite failures="0" errors="0" time="0" id="26" name="/Users/mradl/.m2/repository/cljs/java-time/cljs.java-time/0.1.19/cljs.java-time-0.1.19.jar" package="cljs.java-time-0.1.19.jar" skipped="0" tests="1" timestamp="2024-02-23T20:35:51.275962"><testcase classname="dependency-check" name="cljs.java-time-0.1.19.jar"/></testsuite><testsuite failures="0" errors="0" time="0" id="27" name="/Users/mradl/.m2/repository/org/clojure/clojure/1.10.3/clojure-1.10.3.jar" package="clojure-1.10.3.jar" skipped="0" tests="1" timestamp="2024-02-23T20:35:51.275962"><testcase classname="dependency-check" name="clojure-1.10.3.jar"/></testsuite><testsuite failures="1" errors="0" time="0" id="28" name="/Users/mradl/.m2/repository/clojure-humanize/clojure-humanize/0.2.2/clojure-humanize-0.2.2.jar" package="clojure-humanize-0.2.2.jar" skipped="0" tests="1" timestamp="2024-02-23T20:35:51.275962"><testcase classname="CVE-2017-20189" name="pkg:maven/clojure-humanize/clojure-humanize@0.2.2"><failure message="cvssV3: CRITICAL, score: 9.8 (CVSS:3.1/AV:N/AC:L/PR:N/UI:N/S:U/C:H/I:H/A:H/E:3.9/RC:R/MAV:A)"/><system-out>In Clojure before 1.9.0, classes can be used to construct a serialized object that executes arbitrary code upon deserialization. This is relevant if a server deserializes untrusted objects.</system-out><system-err>location: /Users/mradl/.m2/repository/clojure-humanize/clojure-humanize/0.2.2/clojure-humanize-0.2.2.jar, project-references: [  ]</system-err></testcase></testsuite><testsuite failures="1" errors="0" time="0" id="29" name="/Users/mradl/.m2/repository/clojure/java-time/clojure.java-time/0.3.2/clojure.java-time-0.3.2.jar" package="clojure.java-time-0.3.2.jar" skipped="0" tests="1" timestamp="2024-02-23T20:35:51.275962"><testcase classname="CVE-2017-20189" name="pkg:maven/clojure.java-time/clojure.java-time@0.3.2"><failure message="cvssV3: CRITICAL, score: 9.8 (CVSS:3.1/AV:N/AC:L/PR:N/UI:N/S:U/C:H/I:H/A:H/E:3.9/RC:R/MAV:A)"/><system-out>In Clojure before 1.9.0, classes can be used to construct a serialized object that executes arbitrary code upon deserialization. This is relevant if a server deserializes untrusted objects.</system-out><system-err>location: /Users/mradl/.m2/repository/clojure/java-time/clojure.java-time/0.3.2/clojure.java-time-0.3.2.jar, project-references: [  ]</system-err></testcase></testsuite><testsuite failures="0" errors="0" time="0" id="30" name="/Users/mradl/.m2/repository/org/clojure/clojurescript/1.11.4/clojurescript-1.11.4.jar" package="clojurescript-1.11.4.jar" skipped="0" tests="1" timestamp="2024-02-23T20:35:51.275962"><testcase classname="dependency-check" name="clojurescript-1.11.4.jar"/></testsuite><testsuite failures="0" errors="0" time="0" id="31" name="/Users/mradl/.m2/repository/com/cemerick/clojurescript.test/0.0.4/clojurescript.test-0.0.4.jar" package="clojurescript.test-0.0.4.jar" skipped="0" tests="1" timestamp="2024-02-23T20:35:51.275962"><testcase classname="dependency-check" name="clojurescript.test-0.0.4.jar"/></testsuite><testsuite failures="0" errors="0" time="0" id="32" name="/Users/mradl/.m2/repository/com/google/javascript/closure-compiler-unshaded/v20220104/closure-compiler-unshaded-v20220104.jar/META-INF/maven/args4j/args4j/pom.xml" package="closure-compiler-unshaded-v20220104.jar (shaded: args4j:args4j:2.33)" skipped="0" tests="1" timestamp="2024-02-23T20:35:51.275962"><testcase classname="dependency-check" name="closure-compiler-unshaded-v20220104.jar (shaded: args4j:args4j:2.33)"/></testsuite><testsuite failures="0" errors="0" time="0" id="33" name="/Users/mradl/.m2/repository/com/google/javascript/closure-compiler-unshaded/v20220104/closure-compiler-unshaded-v20220104.jar/META-INF/maven/com.google.auto.value/auto-value-annotations/pom.xml" package="closure-compiler-unshaded-v20220104.jar (shaded: com.google.auto.value:auto-value-annotations:1.6)" skipped="0" tests="1" timestamp="2024-02-23T20:35:51.275962"><testcase classname="dependency-check" name="closure-compiler-unshaded-v20220104.jar (shaded: com.google.auto.value:auto-value-annotations:1.6)"/></testsuite><testsuite failures="0" errors="0" time="0" id="34" name="/Users/mradl/.m2/repository/com/google/javascript/closure-compiler-unshaded/v20220104/closure-compiler-unshaded-v20220104.jar/META-INF/maven/com.google.code.findbugs/jsr305/pom.xml" package="closure-compiler-unshaded-v20220104.jar (shaded: com.google.code.findbugs:jsr305:3.0.1)" skipped="0" tests="1" timestamp="2024-02-23T20:35:51.275962"><testcase classname="dependency-check" name="closure-compiler-unshaded-v20220104.jar (shaded: com.google.code.findbugs:jsr305:3.0.1)"/></testsuite><testsuite failures="1" errors="0" time="0" id="35" name="/Users/mradl/.m2/repository/com/google/javascript/closure-compiler-unshaded/v20220104/closure-compiler-unshaded-v20220104.jar/META-INF/maven/com.google.code.gson/gson/pom.xml" package="closure-compiler-unshaded-v20220104.jar (shaded: com.google.code.gson:gson:2.7)" skipped="0" tests="1" timestamp="2024-02-23T20:35:51.275962"><testcase classname="CVE-2022-25647" name="pkg:maven/com.google.code.gson/gson@2.7"><failure message="cvssV3: HIGH, score: 7.5 (CVSS:3.1/AV:N/AC:L/PR:N/UI:N/S:U/C:N/I:N/A:H/E:3.9/RC:R/MAV:A)"/><system-out>The package com.google.code.gson:gson before 2.8.9 are vulnerable to Deserialization of Untrusted Data via the writeReplace() method in internal classes, which may lead to DoS attacks.</system-out><system-err>location: /Users/mradl/.m2/repository/com/google/javascript/closure-compiler-unshaded/v20220104/closure-compiler-unshaded-v20220104.jar/META-INF/maven/com.google.code.gson/gson/pom.xml, project-references: [  ]</system-err></testcase></testsuite><testsuite failures="0" errors="0" time="0" id="36" name="/Users/mradl/.m2/repository/com/google/javascript/closure-compiler-unshaded/v20220104/closure-compiler-unshaded-v20220104.jar/META-INF/maven/com.google.errorprone/error_prone_annotations/pom.xml" package="closure-compiler-unshaded-v20220104.jar (shaded: com.google.errorprone:error_prone_annotations:2.3.2)" skipped="0" tests="1" timestamp="2024-02-23T20:35:51.275962"><testcase classname="dependency-check" name="closure-compiler-unshaded-v20220104.jar (shaded: com.google.errorprone:error_prone_annotations:2.3.2)"/></testsuite><testsuite failures="0" errors="0" time="0" id="37" name="/Users/mradl/.m2/repository/com/google/javascript/closure-compiler-unshaded/v20220104/closure-compiler-unshaded-v20220104.jar/META-INF/maven/com.google.guava/failureaccess/pom.xml" package="closure-compiler-unshaded-v20220104.jar (shaded: com.google.guava:failureaccess:1.0.1)" skipped="0" tests="1" timestamp="2024-02-23T20:35:51.275962"><testcase classname="dependency-check" name="closure-compiler-unshaded-v20220104.jar (shaded: com.google.guava:failureaccess:1.0.1)"/></testsuite><testsuite failures="2" errors="0" time="0" id="38" name="/Users/mradl/.m2/repository/com/google/javascript/closure-compiler-unshaded/v20220104/closure-compiler-unshaded-v20220104.jar/META-INF/maven/com.google.guava/guava/pom.xml" package="closure-compiler-unshaded-v20220104.jar (shaded: com.google.guava:guava:31.0.1-jre)" skipped="0" tests="2" timestamp="2024-02-23T20:35:51.275962"><testcase classname="CVE-2023-2976" name="pkg:maven/com.google.guava/guava@31.0.1-jre"><failure message="cvssV3: HIGH, score: 7.1 (CVSS:3.1/AV:L/AC:L/PR:L/UI:N/S:U/C:H/I:H/A:N/E:1.8/RC:R/MAV:A)"/><system-out>Use of Java&apos;s default temporary directory for file creation in `FileBackedOutputStream` in Google Guava versions 1.0 to 31.1 on Unix systems and Android Ice Cream Sandwich allows other users and apps on the machine with access to the default Java temporary directory to be able to access the files created by the class.

Even though the security vulnerability is fixed in version 32.0.0, we recommend using version 32.0.1 as version 32.0.0 breaks some functionality under Windows.

</system-out><system-err>location: /Users/mradl/.m2/repository/com/google/javascript/closure-compiler-unshaded/v20220104/closure-compiler-unshaded-v20220104.jar/META-INF/maven/com.google.guava/guava/pom.xml, project-references: [  ]</system-err></testcase><testcase classname="CVE-2020-8908" name="pkg:maven/com.google.guava/guava@31.0.1-jre"><failure message="cvssV3: LOW, score: 3.3 (CVSS:3.1/AV:L/AC:L/PR:L/UI:N/S:U/C:L/I:N/A:N/E:1.8/RC:R/MAV:A)"/><system-out>A temp directory creation vulnerability exists in all versions of Guava, allowing an attacker with access to the machine to potentially access data in a temporary directory created by the Guava API com.google.common.io.Files.createTempDir(). By default, on unix-like systems, the created directory is world-readable (readable by an attacker with access to the system). The method in question has been marked @Deprecated in versions 30.0 and later and should not be used. For Android developers, we recommend choosing a temporary directory API provided by Android, such as context.getCacheDir(). For other Java developers, we recommend migrating to the Java 7 API java.nio.file.Files.createTempDirectory() which explicitly configures permissions of 700, or configuring the Java runtime&apos;s java.io.tmpdir system property to point to a location whose permissions are appropriately configured.

</system-out><system-err>location: /Users/mradl/.m2/repository/com/google/javascript/closure-compiler-unshaded/v20220104/closure-compiler-unshaded-v20220104.jar/META-INF/maven/com.google.guava/guava/pom.xml, project-references: [  ]</system-err></testcase></testsuite><testsuite failures="0" errors="0" time="0" id="39" name="/Users/mradl/.m2/repository/com/google/javascript/closure-compiler-unshaded/v20220104/closure-compiler-unshaded-v20220104.jar" package="closure-compiler-unshaded-v20220104.jar" skipped="0" tests="1" timestamp="2024-02-23T20:35:51.275962"><testcase classname="dependency-check" name="closure-compiler-unshaded-v20220104.jar"/></testsuite><testsuite failures="0" errors="0" time="0" id="40" name="/Users/mradl/.m2/repository/clout/clout/2.2.1/clout-2.2.1.jar" package="clout-2.2.1.jar" skipped="0" tests="1" timestamp="2024-02-23T20:35:51.275962"><testcase classname="dependency-check" name="clout-2.2.1.jar"/></testsuite><testsuite failures="0" errors="0" time="0" id="41" name="/Users/mradl/.m2/repository/commons-codec/commons-codec/1.15/commons-codec-1.15.jar" package="commons-codec-1.15.jar" skipped="0" tests="1" timestamp="2024-02-23T20:35:51.275962"><testcase classname="dependency-check" name="commons-codec-1.15.jar"/></testsuite><testsuite failures="0" errors="0" time="0" id="42" name="/Users/mradl/.m2/repository/commons-fileupload/commons-fileupload/1.5/commons-fileupload-1.5.jar" package="commons-fileupload-1.5.jar" skipped="0" tests="1" timestamp="2024-02-23T20:35:51.275962"><testcase classname="dependency-check" name="commons-fileupload-1.5.jar"/></testsuite><testsuite failures="0" errors="0" time="0" id="43" name="/Users/mradl/.m2/repository/commons-io/commons-io/2.11.0/commons-io-2.11.0.jar" package="commons-io-2.11.0.jar" skipped="0" tests="1" timestamp="2024-02-23T20:35:51.275962"><testcase classname="dependency-check" name="commons-io-2.11.0.jar"/></testsuite><testsuite failures="0" errors="0" time="0" id="44" name="/Users/mradl/.m2/repository/commons-logging/commons-logging/1.2/commons-logging-1.2.jar" package="commons-logging-1.2.jar" skipped="0" tests="1" timestamp="2024-02-23T20:35:51.275962"><testcase classname="dependency-check" name="commons-logging-1.2.jar"/></testsuite><testsuite failures="0" errors="0" time="0" id="45" name="/Users/mradl/.m2/repository/compojure/compojure/1.7.0/compojure-1.7.0.jar" package="compojure-1.7.0.jar" skipped="0" tests="1" timestamp="2024-02-23T20:35:51.275962"><testcase classname="dependency-check" name="compojure-1.7.0.jar"/></testsuite><testsuite failures="0" errors="0" time="0" id="46" name="/Users/mradl/.m2/repository/me/raynes/conch/0.8.0/conch-0.8.0.jar" package="conch-0.8.0.jar" skipped="0" tests="1" timestamp="2024-02-23T20:35:51.275962"><testcase classname="dependency-check" name="conch-0.8.0.jar"/></testsuite><testsuite failures="1" errors="0" time="0" id="47" name="/Users/mradl/.m2/repository/org/clojure/core.async/0.4.474/core.async-0.4.474.jar" package="core.async-0.4.474.jar" skipped="0" tests="1" timestamp="2024-02-23T20:35:51.275962"><testcase classname="CVE-2017-20189" name="pkg:maven/org.clojure/core.async@0.4.474"><failure message="cvssV3: CRITICAL, score: 9.8 (CVSS:3.1/AV:N/AC:L/PR:N/UI:N/S:U/C:H/I:H/A:H/E:3.9/RC:R/MAV:A)"/><system-out>In Clojure before 1.9.0, classes can be used to construct a serialized object that executes arbitrary code upon deserialization. This is relevant if a server deserializes untrusted objects.</system-out><system-err>location: /Users/mradl/.m2/repository/org/clojure/core.async/0.4.474/core.async-0.4.474.jar, project-references: [  ]</system-err></testcase></testsuite><testsuite failures="1" errors="0" time="0" id="48" name="/Users/mradl/.m2/repository/org/clojure/core.cache/1.0.225/core.cache-1.0.225.jar" package="core.cache-1.0.225.jar" skipped="0" tests="1" timestamp="2024-02-23T20:35:51.275962"><testcase classname="CVE-2017-20189" name="pkg:maven/org.clojure/core.cache@1.0.225"><failure message="cvssV3: CRITICAL, score: 9.8 (CVSS:3.1/AV:N/AC:L/PR:N/UI:N/S:U/C:H/I:H/A:H/E:3.9/RC:R/MAV:A)"/><system-out>In Clojure before 1.9.0, classes can be used to construct a serialized object that executes arbitrary code upon deserialization. This is relevant if a server deserializes untrusted objects.</system-out><system-err>location: /Users/mradl/.m2/repository/org/clojure/core.cache/1.0.225/core.cache-1.0.225.jar, project-references: [  ]</system-err></testcase></testsuite><testsuite failures="1" errors="0" time="0" id="49" name="/Users/mradl/.m2/repository/org/clojure/core.match/1.0.1/core.match-1.0.1.jar" package="core.match-1.0.1.jar" skipped="0" tests="1" timestamp="2024-02-23T20:35:51.275962"><testcase classname="CVE-2017-20189" name="pkg:maven/org.clojure/core.match@1.0.1"><failure message="cvssV3: CRITICAL, score: 9.8 (CVSS:3.1/AV:N/AC:L/PR:N/UI:N/S:U/C:H/I:H/A:H/E:3.9/RC:R/MAV:A)"/><system-out>In Clojure before 1.9.0, classes can be used to construct a serialized object that executes arbitrary code upon deserialization. This is relevant if a server deserializes untrusted objects.</system-out><system-err>location: /Users/mradl/.m2/repository/org/clojure/core.match/1.0.1/core.match-1.0.1.jar, project-references: [  ]</system-err></testcase></testsuite><testsuite failures="1" errors="0" time="0" id="50" name="/Users/mradl/.m2/repository/org/clojure/core.memoize/1.0.257/core.memoize-1.0.257.jar" package="core.memoize-1.0.257.jar" skipped="0" tests="1" timestamp="2024-02-23T20:35:51.275962"><testcase classname="CVE-2017-20189" name="pkg:maven/org.clojure/core.memoize@1.0.257"><failure message="cvssV3: CRITICAL, score: 9.8 (CVSS:3.1/AV:N/AC:L/PR:N/UI:N/S:U/C:H/I:H/A:H/E:3.9/RC:R/MAV:A)"/><system-out>In Clojure before 1.9.0, classes can be used to construct a serialized object that executes arbitrary code upon deserialization. This is relevant if a server deserializes untrusted objects.</system-out><system-err>location: /Users/mradl/.m2/repository/org/clojure/core.memoize/1.0.257/core.memoize-1.0.257.jar, project-references: [  ]</system-err></testcase></testsuite><testsuite failures="1" errors="0" time="0" id="51" name="/Users/mradl/.m2/repository/org/clojure/core.specs.alpha/0.2.56/core.specs.alpha-0.2.56.jar" package="core.specs.alpha-0.2.56.jar" skipped="0" tests="1" timestamp="2024-02-23T20:35:51.275962"><testcase classname="CVE-2017-20189" name="pkg:maven/org.clojure/core.specs.alpha@0.2.56"><failure message="cvssV3: CRITICAL, score: 9.8 (CVSS:3.1/AV:N/AC:L/PR:N/UI:N/S:U/C:H/I:H/A:H/E:3.9/RC:R/MAV:A)"/><system-out>In Clojure before 1.9.0, classes can be used to construct a serialized object that executes arbitrary code upon deserialization. This is relevant if a server deserializes untrusted objects.</system-out><system-err>location: /Users/mradl/.m2/repository/org/clojure/core.specs.alpha/0.2.56/core.specs.alpha-0.2.56.jar, project-references: [  ]</system-err></testcase></testsuite><testsuite failures="0" errors="0" time="0" id="52" name="/Users/mradl/.m2/repository/crypto-equality/crypto-equality/1.0.1/crypto-equality-1.0.1.jar" package="crypto-equality-1.0.1.jar" skipped="0" tests="1" timestamp="2024-02-23T20:35:51.275962"><testcase classname="dependency-check" name="crypto-equality-1.0.1.jar"/></testsuite><testsuite failures="0" errors="0" time="0" id="53" name="/Users/mradl/.m2/repository/crypto-random/crypto-random/1.2.1/crypto-random-1.2.1.jar" package="crypto-random-1.2.1.jar" skipped="0" tests="1" timestamp="2024-02-23T20:35:51.275962"><testcase classname="dependency-check" name="crypto-random-1.2.1.jar"/></testsuite><testsuite failures="0" errors="0" time="0" id="54" name="/Users/mradl/.m2/repository/funcool/cuerdas/2022.06.16-403/cuerdas-2022.06.16-403.jar" package="cuerdas-2022.06.16-403.jar" skipped="0" tests="1" timestamp="2024-02-23T20:35:51.275962"><testcase classname="dependency-check" name="cuerdas-2022.06.16-403.jar"/></testsuite><testsuite failures="0" errors="0" time="0" id="55" name="/Users/mradl/.m2/repository/org/clojure/data.json/2.4.0/data.json-2.4.0.jar" package="data.json-2.4.0.jar" skipped="0" tests="1" timestamp="2024-02-23T20:35:51.275962"><testcase classname="dependency-check" name="data.json-2.4.0.jar"/></testsuite><testsuite failures="1" errors="0" time="0" id="56" name="/Users/mradl/.m2/repository/org/clojure/data.priority-map/1.1.0/data.priority-map-1.1.0.jar" package="data.priority-map-1.1.0.jar" skipped="0" tests="1" timestamp="2024-02-23T20:35:51.275962"><testcase classname="CVE-2017-20189" name="pkg:maven/org.clojure/data.priority-map@1.1.0"><failure message="cvssV3: CRITICAL, score: 9.8 (CVSS:3.1/AV:N/AC:L/PR:N/UI:N/S:U/C:H/I:H/A:H/E:3.9/RC:R/MAV:A)"/><system-out>In Clojure before 1.9.0, classes can be used to construct a serialized object that executes arbitrary code upon deserialization. This is relevant if a server deserializes untrusted objects.</system-out><system-err>location: /Users/mradl/.m2/repository/org/clojure/data.priority-map/1.1.0/data.priority-map-1.1.0.jar, project-references: [  ]</system-err></testcase></testsuite><testsuite failures="0" errors="0" time="0" id="57" name="/Users/mradl/.m2/repository/com/taoensso/encore/3.62.1/encore-3.62.1.jar" package="encore-3.62.1.jar" skipped="0" tests="1" timestamp="2024-02-23T20:35:51.275962"><testcase classname="dependency-check" name="encore-3.62.1.jar"/></testsuite><testsuite failures="0" errors="0" time="0" id="58" name="/Users/mradl/.m2/repository/environ/environ/1.2.0/environ-1.2.0.jar" package="environ-1.2.0.jar" skipped="0" tests="1" timestamp="2024-02-23T20:35:51.275962"><testcase classname="dependency-check" name="environ-1.2.0.jar"/></testsuite><testsuite failures="2" errors="0" time="0" id="59" name="/Users/mradl/.m2/repository/org/clojure/google-closure-library/0.0-20211011-0726fdeb/google-closure-library-0.0-20211011-0726fdeb.jar" package="google-closure-library-0.0-20211011-0726fdeb.jar" skipped="0" tests="2" timestamp="2024-02-23T20:35:51.275962"><testcase classname="CVE-2017-20189" name="pkg:maven/org.clojure/google-closure-library@0.0-20211011-0726fdeb"><failure message="cvssV3: CRITICAL, score: 9.8 (CVSS:3.1/AV:N/AC:L/PR:N/UI:N/S:U/C:H/I:H/A:H/E:3.9/RC:R/MAV:A)"/><system-out>In Clojure before 1.9.0, classes can be used to construct a serialized object that executes arbitrary code upon deserialization. This is relevant if a server deserializes untrusted objects.</system-out><system-err>location: /Users/mradl/.m2/repository/org/clojure/google-closure-library/0.0-20211011-0726fdeb/google-closure-library-0.0-20211011-0726fdeb.jar, project-references: [  ]</system-err></testcase><testcase classname="CVE-2020-8910" name="pkg:maven/org.clojure/google-closure-library@0.0-20211011-0726fdeb"><failure message="cvssV3: MEDIUM, score: 6.5 (CVSS:3.1/AV:N/AC:L/PR:N/UI:R/S:U/C:H/I:N/A:N/E:2.8/RC:R/MAV:A)"/><system-out>A URL parsing issue in goog.uri of the Google Closure Library versions up to and including v20200224 allows an attacker to send malicious URLs to be parsed by the library and return the wrong authority. Mitigation: update your library to version v20200315.</system-out><system-err>location: /Users/mradl/.m2/repository/org/clojure/google-closure-library/0.0-20211011-0726fdeb/google-closure-library-0.0-20211011-0726fdeb.jar, project-references: [  ]</system-err></testcase></testsuite><testsuite failures="3" errors="0" time="0" id="60" name="/Users/mradl/.m2/repository/com/google/guava/guava/18.0/guava-18.0.jar" package="guava-18.0.jar" skipped="0" tests="3" timestamp="2024-02-23T20:35:51.275962"><testcase classname="CVE-2023-2976" name="pkg:maven/com.google.guava/guava@18.0"><failure message="cvssV3: HIGH, score: 7.1 (CVSS:3.1/AV:L/AC:L/PR:L/UI:N/S:U/C:H/I:H/A:N/E:1.8/RC:R/MAV:A)"/><system-out>Use of Java&apos;s default temporary directory for file creation in `FileBackedOutputStream` in Google Guava versions 1.0 to 31.1 on Unix systems and Android Ice Cream Sandwich allows other users and apps on the machine with access to the default Java temporary directory to be able to access the files created by the class.

Even though the security vulnerability is fixed in version 32.0.0, we recommend using version 32.0.1 as version 32.0.0 breaks some functionality under Windows.

</system-out><system-err>location: /Users/mradl/.m2/repository/com/google/guava/guava/18.0/guava-18.0.jar, project-references: [  ]</system-err></testcase><testcase classname="CVE-2018-10237" name="pkg:maven/com.google.guava/guava@18.0"><failure message="cvssV3: MEDIUM, score: 5.9 (CVSS:3.1/AV:N/AC:H/PR:N/UI:N/S:U/C:N/I:N/A:H/E:2.2/RC:R/MAV:A)"/><system-out>Unbounded memory allocation in Google Guava 11.0 through 24.x before 24.1.1 allows remote attackers to conduct denial of service attacks against servers that depend on this library and deserialize attacker-provided data, because the AtomicDoubleArray class (when serialized with Java serialization) and the CompoundOrdering class (when serialized with GWT serialization) perform eager allocation without appropriate checks on what a client has sent and whether the data size is reasonable.</system-out><system-err>location: /Users/mradl/.m2/repository/com/google/guava/guava/18.0/guava-18.0.jar, project-references: [  ]</system-err></testcase><testcase classname="CVE-2020-8908" name="pkg:maven/com.google.guava/guava@18.0"><failure message="cvssV3: LOW, score: 3.3 (CVSS:3.1/AV:L/AC:L/PR:L/UI:N/S:U/C:L/I:N/A:N/E:1.8/RC:R/MAV:A)"/><system-out>A temp directory creation vulnerability exists in all versions of Guava, allowing an attacker with access to the machine to potentially access data in a temporary directory created by the Guava API com.google.common.io.Files.createTempDir(). By default, on unix-like systems, the created directory is world-readable (readable by an attacker with access to the system). The method in question has been marked @Deprecated in versions 30.0 and later and should not be used. For Android developers, we recommend choosing a temporary directory API provided by Android, such as context.getCacheDir(). For other Java developers, we recommend migrating to the Java 7 API java.nio.file.Files.createTempDirectory() which explicitly configures permissions of 700, or configuring the Java runtime&apos;s java.io.tmpdir system property to point to a location whose permissions are appropriately configured.

</system-out><system-err>location: /Users/mradl/.m2/repository/com/google/guava/guava/18.0/guava-18.0.jar, project-references: [  ]</system-err></testcase></testsuite><testsuite failures="0" errors="0" time="0" id="61" name="/Users/mradl/.m2/repository/hiccup/hiccup/1.0.5/hiccup-1.0.5.jar" package="hiccup-1.0.5.jar" skipped="0" tests="1" timestamp="2024-02-23T20:35:51.275962"><testcase classname="dependency-check" name="hiccup-1.0.5.jar"/></testsuite><testsuite failures="0" errors="0" time="0" id="62" name="/Users/mradl/.m2/repository/hikari-cp/hikari-cp/3.0.1/hikari-cp-3.0.1.jar" package="hikari-cp-3.0.1.jar" skipped="0" tests="1" timestamp="2024-02-23T20:35:51.275962"><testcase classname="dependency-check" name="hikari-cp-3.0.1.jar"/></testsuite><testsuite failures="0" errors="0" time="0" id="63" name="/Users/mradl/.m2/repository/honeysql/honeysql/1.0.461/honeysql-1.0.461.jar" package="honeysql-1.0.461.jar" skipped="0" tests="1" timestamp="2024-02-23T20:35:51.275962"><testcase classname="dependency-check" name="honeysql-1.0.461.jar"/></testsuite><testsuite failures="0" errors="0" time="0" id="64" name="/Users/mradl/.m2/repository/com/github/seancorfield/honeysql/2.4.1066/honeysql-2.4.1066.jar" package="honeysql-2.4.1066.jar" skipped="0" tests="1" timestamp="2024-02-23T20:35:51.275962"><testcase classname="dependency-check" name="honeysql-2.4.1066.jar"/></testsuite><testsuite failures="0" errors="0" time="0" id="65" name="/Users/mradl/.m2/repository/nilenso/honeysql-postgres/0.4.112/honeysql-postgres-0.4.112.jar" package="honeysql-postgres-0.4.112.jar" skipped="0" tests="1" timestamp="2024-02-23T20:35:51.275962"><testcase classname="dependency-check" name="honeysql-postgres-0.4.112.jar"/></testsuite><testsuite failures="0" errors="0" time="0" id="66" name="/Users/mradl/.m2/repository/robert/hooke/1.3.0/hooke-1.3.0.jar" package="hooke-1.3.0.jar" skipped="0" tests="1" timestamp="2024-02-23T20:35:51.275962"><testcase classname="dependency-check" name="hooke-1.3.0.jar"/></testsuite><testsuite failures="0" errors="0" time="0" id="67" name="/Users/mradl/.m2/repository/http-kit/http-kit/2.7.0/http-kit-2.7.0.jar" package="http-kit-2.7.0.jar" skipped="0" tests="1" timestamp="2024-02-23T20:35:51.275962"><testcase classname="dependency-check" name="http-kit-2.7.0.jar"/></testsuite><testsuite failures="0" errors="0" time="0" id="68" name="/Users/mradl/.m2/repository/org/apache/httpcomponents/httpasyncclient/4.1.4/httpasyncclient-4.1.4.jar" package="httpasyncclient-4.1.4.jar" skipped="0" tests="1" timestamp="2024-02-23T20:35:51.275962"><testcase classname="dependency-check" name="httpasyncclient-4.1.4.jar"/></testsuite><testsuite failures="0" errors="0" time="0" id="69" name="/Users/mradl/.m2/repository/org/apache/httpcomponents/httpclient/4.5.13/httpclient-4.5.13.jar" package="httpclient-4.5.13.jar" skipped="0" tests="1" timestamp="2024-02-23T20:35:51.275962"><testcase classname="dependency-check" name="httpclient-4.5.13.jar"/></testsuite><testsuite failures="0" errors="0" time="0" id="70" name="/Users/mradl/.m2/repository/org/apache/httpcomponents/httpcore/4.4.14/httpcore-4.4.14.jar" package="httpcore-4.4.14.jar" skipped="0" tests="1" timestamp="2024-02-23T20:35:51.275962"><testcase classname="dependency-check" name="httpcore-4.4.14.jar"/></testsuite><testsuite failures="0" errors="0" time="0" id="71" name="/Users/mradl/.m2/repository/org/apache/httpcomponents/httpcore-nio/4.4.10/httpcore-nio-4.4.10.jar" package="httpcore-nio-4.4.10.jar" skipped="0" tests="1" timestamp="2024-02-23T20:35:51.275962"><testcase classname="dependency-check" name="httpcore-nio-4.4.10.jar"/></testsuite><testsuite failures="0" errors="0" time="0" id="72" name="/Users/mradl/.m2/repository/org/apache/httpcomponents/httpmime/4.5.13/httpmime-4.5.13.jar" package="httpmime-4.5.13.jar" skipped="0" tests="1" timestamp="2024-02-23T20:35:51.275962"><testcase classname="dependency-check" name="httpmime-4.5.13.jar"/></testsuite><testsuite failures="0" errors="0" time="0" id="73" name="/Users/mradl/.m2/repository/com/github/mfornos/humanize-slim/1.2.2/humanize-slim-1.2.2.jar" package="humanize-slim-1.2.2.jar" skipped="0" tests="1" timestamp="2024-02-23T20:35:51.275962"><testcase classname="dependency-check" name="humanize-slim-1.2.2.jar"/></testsuite><testsuite failures="1" errors="0" time="0" id="74" name="/Users/mradl/.m2/repository/com/ibm/icu/icu4j/61.1/icu4j-61.1.jar" package="icu4j-61.1.jar" skipped="0" tests="1" timestamp="2024-02-23T20:35:51.275962"><testcase classname="CVE-2018-18928" name="pkg:maven/com.ibm.icu/icu4j@61.1"><failure message="cvssV3: CRITICAL, score: 9.800000190734863 (CVSS:3.0/AV:N/AC:L/PR:N/UI:N/S:U/C:H/I:H/A:H)"/><system-out>International Components for Unicode (ICU) for C/C++ 63.1 has an integer overflow in number::impl::DecimalQuantity::toScientificString() in i18n/number_decimalquantity.cpp.

Sonatype&apos;s research suggests that this CVE&apos;s details differ from those defined at NVD. See https://ossindex.sonatype.org/vulnerability/CVE-2018-18928 for details</system-out><system-err>location: /Users/mradl/.m2/repository/com/ibm/icu/icu4j/61.1/icu4j-61.1.jar, project-references: [  ]</system-err></testcase></testsuite><testsuite failures="0" errors="0" time="0" id="75" name="/Users/mradl/.m2/repository/inflections/inflections/0.13.2/inflections-0.13.2.jar" package="inflections-0.13.2.jar" skipped="0" tests="1" timestamp="2024-02-23T20:35:51.275962"><testcase classname="dependency-check" name="inflections-0.13.2.jar"/></testsuite><testsuite failures="0" errors="0" time="0" id="76" name="/Users/mradl/.m2/repository/instaparse/instaparse/1.4.8/instaparse-1.4.8.jar" package="instaparse-1.4.8.jar" skipped="0" tests="1" timestamp="2024-02-23T20:35:51.275962"><testcase classname="dependency-check" name="instaparse-1.4.8.jar"/></testsuite><testsuite failures="0" errors="0" time="0" id="77" name="/Users/mradl/.m2/repository/com/fasterxml/jackson/core/jackson-core/2.12.4/jackson-core-2.12.4.jar" package="jackson-core-2.12.4.jar" skipped="0" tests="1" timestamp="2024-02-23T20:35:51.275962"><testcase classname="dependency-check" name="jackson-core-2.12.4.jar"/></testsuite><testsuite failures="5" errors="0" time="0" id="78" name="/Users/mradl/.m2/repository/com/fasterxml/jackson/core/jackson-databind/2.12.4/jackson-databind-2.12.4.jar" package="jackson-databind-2.12.4.jar" skipped="0" tests="5" timestamp="2024-02-23T20:35:51.275962"><testcase classname="CVE-2020-36518" name="pkg:maven/com.fasterxml.jackson.core/jackson-databind@2.12.4"><failure message="cvssV3: HIGH, score: 7.5 (CVSS:3.1/AV:N/AC:L/PR:N/UI:N/S:U/C:N/I:N/A:H/E:3.9/RC:R/MAV:A)"/><system-out>jackson-databind before 2.13.0 allows a Java StackOverflow exception and denial of service via a large depth of nested objects.</system-out><system-err>location: /Users/mradl/.m2/repository/com/fasterxml/jackson/core/jackson-databind/2.12.4/jackson-databind-2.12.4.jar, project-references: [  ]</system-err></testcase><testcase classname="CVE-2021-46877" name="pkg:maven/com.fasterxml.jackson.core/jackson-databind@2.12.4"><failure message="cvssV3: HIGH, score: 7.5 (CVSS:3.1/AV:N/AC:L/PR:N/UI:N/S:U/C:N/I:N/A:H/E:3.9/RC:R/MAV:A)"/><system-out>jackson-databind 2.10.x through 2.12.x before 2.12.6 and 2.13.x before 2.13.1 allows attackers to cause a denial of service (2 GB transient heap usage per read) in uncommon situations involving JsonNode JDK serialization.</system-out><system-err>location: /Users/mradl/.m2/repository/com/fasterxml/jackson/core/jackson-databind/2.12.4/jackson-databind-2.12.4.jar, project-references: [  ]</system-err></testcase><testcase classname="CVE-2022-42003" name="pkg:maven/com.fasterxml.jackson.core/jackson-databind@2.12.4"><failure message="cvssV3: HIGH, score: 7.5 (CVSS:3.1/AV:N/AC:L/PR:N/UI:N/S:U/C:N/I:N/A:H/E:3.9/RC:R/MAV:A)"/><system-out>In FasterXML jackson-databind before versions 2.13.4.1 and 2.12.17.1, resource exhaustion can occur because of a lack of a check in primitive value deserializers to avoid deep wrapper array nesting, when the UNWRAP_SINGLE_VALUE_ARRAYS feature is enabled.</system-out><system-err>location: /Users/mradl/.m2/repository/com/fasterxml/jackson/core/jackson-databind/2.12.4/jackson-databind-2.12.4.jar, project-references: [  ]</system-err></testcase><testcase classname="CVE-2022-42004" name="pkg:maven/com.fasterxml.jackson.core/jackson-databind@2.12.4"><failure message="cvssV3: HIGH, score: 7.5 (CVSS:3.1/AV:N/AC:L/PR:N/UI:N/S:U/C:N/I:N/A:H/E:3.9/RC:R/MAV:A)"/><system-out>In FasterXML jackson-databind before 2.13.4, resource exhaustion can occur because of a lack of a check in BeanDeserializer._deserializeFromArray to prevent use of deeply nested arrays. An application is vulnerable only with certain customized choices for deserialization.</system-out><system-err>location: /Users/mradl/.m2/repository/com/fasterxml/jackson/core/jackson-databind/2.12.4/jackson-databind-2.12.4.jar, project-references: [  ]</system-err></testcase><testcase classname="CVE-2023-35116" name="pkg:maven/com.fasterxml.jackson.core/jackson-databind@2.12.4"><failure message="cvssV3: MEDIUM, score: 4.7 (CVSS:3.1/AV:L/AC:H/PR:L/UI:N/S:U/C:N/I:N/A:H/E:1.0/RC:R/MAV:A)"/><system-out>jackson-databind through 2.15.2 allows attackers to cause a denial of service or other unspecified impact via a crafted object that uses cyclic dependencies. NOTE: the vendor&apos;s perspective is that this is not a valid vulnerability report, because the steps of constructing a cyclic data structure and trying to serialize it cannot be achieved by an external attacker.</system-out><system-err>location: /Users/mradl/.m2/repository/com/fasterxml/jackson/core/jackson-databind/2.12.4/jackson-databind-2.12.4.jar, project-references: [  ]</system-err></testcase></testsuite><testsuite failures="0" errors="0" time="0" id="79" name="/Users/mradl/.m2/repository/com/fasterxml/jackson/dataformat/jackson-dataformat-cbor/2.12.4/jackson-dataformat-cbor-2.12.4.jar" package="jackson-dataformat-cbor-2.12.4.jar" skipped="0" tests="1" timestamp="2024-02-23T20:35:51.275962"><testcase classname="dependency-check" name="jackson-dataformat-cbor-2.12.4.jar"/></testsuite><testsuite failures="1" errors="0" time="0" id="80" name="/Users/mradl/.m2/repository/org/clojure/java.classpath/0.3.0/java.classpath-0.3.0.jar" package="java.classpath-0.3.0.jar" skipped="0" tests="1" timestamp="2024-02-23T20:35:51.275962"><testcase classname="CVE-2017-20189" name="pkg:maven/org.clojure/java.classpath@0.3.0"><failure message="cvssV3: CRITICAL, score: 9.8 (CVSS:3.1/AV:N/AC:L/PR:N/UI:N/S:U/C:H/I:H/A:H/E:3.9/RC:R/MAV:A)"/><system-out>In Clojure before 1.9.0, classes can be used to construct a serialized object that executes arbitrary code upon deserialization. This is relevant if a server deserializes untrusted objects.</system-out><system-err>location: /Users/mradl/.m2/repository/org/clojure/java.classpath/0.3.0/java.classpath-0.3.0.jar, project-references: [  ]</system-err></testcase></testsuite><testsuite failures="1" errors="0" time="0" id="81" name="/Users/mradl/.m2/repository/org/clojure/java.data/1.0.95/java.data-1.0.95.jar" package="java.data-1.0.95.jar" skipped="0" tests="1" timestamp="2024-02-23T20:35:51.275962"><testcase classname="CVE-2017-20189" name="pkg:maven/org.clojure/java.data@1.0.95"><failure message="cvssV3: CRITICAL, score: 9.8 (CVSS:3.1/AV:N/AC:L/PR:N/UI:N/S:U/C:H/I:H/A:H/E:3.9/RC:R/MAV:A)"/><system-out>In Clojure before 1.9.0, classes can be used to construct a serialized object that executes arbitrary code upon deserialization. This is relevant if a server deserializes untrusted objects.</system-out><system-err>location: /Users/mradl/.m2/repository/org/clojure/java.data/1.0.95/java.data-1.0.95.jar, project-references: [  ]</system-err></testcase></testsuite><testsuite failures="1" errors="0" time="0" id="82" name="/Users/mradl/.m2/repository/org/clojure/java.jdbc/0.7.12/java.jdbc-0.7.12.jar" package="java.jdbc-0.7.12.jar" skipped="0" tests="1" timestamp="2024-02-23T20:35:51.275962"><testcase classname="CVE-2017-20189" name="pkg:maven/org.clojure/java.jdbc@0.7.12"><failure message="cvssV3: CRITICAL, score: 9.8 (CVSS:3.1/AV:N/AC:L/PR:N/UI:N/S:U/C:H/I:H/A:H/E:3.9/RC:R/MAV:A)"/><system-out>In Clojure before 1.9.0, classes can be used to construct a serialized object that executes arbitrary code upon deserialization. This is relevant if a server deserializes untrusted objects.</system-out><system-err>location: /Users/mradl/.m2/repository/org/clojure/java.jdbc/0.7.12/java.jdbc-0.7.12.jar, project-references: [  ]</system-err></testcase></testsuite><testsuite failures="0" errors="0" time="0" id="83" name="/Users/mradl/.m2/repository/org/javassist/javassist/3.18.1-GA/javassist-3.18.1-GA.jar" package="javassist-3.18.1-GA.jar" skipped="0" tests="1" timestamp="2024-02-23T20:35:51.275962"><testcase classname="dependency-check" name="javassist-3.18.1-GA.jar"/></testsuite><testsuite failures="0" errors="0" time="0" id="84" name="/Users/mradl/.m2/repository/org/glassfish/javax.json/1.0.4/javax.json-1.0.4.jar" package="javax.json-1.0.4.jar" skipped="0" tests="1" timestamp="2024-02-23T20:35:51.275962"><testcase classname="dependency-check" name="javax.json-1.0.4.jar"/></testsuite><testsuite failures="0" errors="0" time="0" id="85" name="/Users/mradl/.m2/repository/javax/servlet/javax.servlet-api/3.1.0/javax.servlet-api-3.1.0.jar" package="javax.servlet-api-3.1.0.jar" skipped="0" tests="1" timestamp="2024-02-23T20:35:51.275962"><testcase classname="dependency-check" name="javax.servlet-api-3.1.0.jar"/></testsuite><testsuite failures="5" errors="0" time="0" id="86" name="/Users/mradl/.m2/repository/org/eclipse/jetty/jetty-io/9.4.51.v20230217/jetty-io-9.4.51.v20230217.jar" package="jetty-io-9.4.51.v20230217.jar" skipped="0" tests="5" timestamp="2024-02-23T20:35:51.275962"><testcase classname="CVE-2023-36478" name="pkg:maven/org.eclipse.jetty/jetty-io@9.4.51.v20230217"><failure message="cvssV3: HIGH, score: 7.5 (CVSS:3.1/AV:N/AC:L/PR:N/UI:N/S:U/C:N/I:N/A:H/E:3.9/RC:R/MAV:A)"/><system-out>Eclipse Jetty provides a web server and servlet container. In versions 11.0.0 through 11.0.15, 10.0.0 through 10.0.15, and 9.0.0 through 9.4.52, an integer overflow in `MetaDataBuilder.checkSize` allows for HTTP/2 HPACK header values to
exceed their size limit. `MetaDataBuilder.java` determines if a header name or value exceeds the size limit, and throws an exception if the limit is exceeded. However, when length is very large and huffman is true, the multiplication by 4 in line 295
will overflow, and length will become negative. `(_size+length)` will now be negative, and the check on line 296 will not be triggered. Furthermore, `MetaDataBuilder.checkSize` allows for user-entered HPACK header value sizes to be negative, potentially leading to a very large buffer allocation later on when the user-entered size is multiplied by 2. This means that if a user provides a negative length value (or, more precisely, a length value which, when multiplied by the 4/3 fudge factor, is negative), and this length value is a very large positive number when multiplied by 2, then the user can cause a very large buffer to be allocated on the server. Users of HTTP/2 can be impacted by a remote denial of service attack. The issue has been fixed in versions 11.0.16, 10.0.16, and 9.4.53. There are no known workarounds.</system-out><system-err>location: /Users/mradl/.m2/repository/org/eclipse/jetty/jetty-io/9.4.51.v20230217/jetty-io-9.4.51.v20230217.jar, project-references: [  ]</system-err></testcase><testcase classname="CVE-2023-44487" name="pkg:maven/org.eclipse.jetty/jetty-io@9.4.51.v20230217"><failure message="cvssV3: HIGH, score: 7.5 (CVSS:3.1/AV:N/AC:L/PR:N/UI:N/S:U/C:N/I:N/A:H/E:3.9/RC:R/MAV:A)"/><system-out>The HTTP/2 protocol allows a denial of service (server resource consumption) because request cancellation can reset many streams quickly, as exploited in the wild in August through October 2023.</system-out><system-err>location: /Users/mradl/.m2/repository/org/eclipse/jetty/jetty-io/9.4.51.v20230217/jetty-io-9.4.51.v20230217.jar, project-references: [  ]</system-err></testcase><testcase classname="CVE-2023-40167" name="pkg:maven/org.eclipse.jetty/jetty-io@9.4.51.v20230217"><failure message="cvssV3: MEDIUM, score: 5.3 (CVSS:3.1/AV:N/AC:L/PR:N/UI:N/S:U/C:N/I:L/A:N/E:3.9/RC:R/MAV:A)"/><system-out>Jetty is a Java based web server and servlet engine. Prior to versions 9.4.52, 10.0.16, 11.0.16, and 12.0.1, Jetty accepts the `+` character proceeding the content-length value in a HTTP/1 header field.  This is more permissive than allowed by the RFC and other servers routinely reject such requests with 400 responses.  There is no known exploit scenario, but it is conceivable that request smuggling could result if jetty is used in combination with a server that does not close the connection after sending such a 400 response. Versions 9.4.52, 10.0.16, 11.0.16, and 12.0.1 contain a patch for this issue. There is no workaround as there is no known exploit scenario.</system-out><system-err>location: /Users/mradl/.m2/repository/org/eclipse/jetty/jetty-io/9.4.51.v20230217/jetty-io-9.4.51.v20230217.jar, project-references: [  ]</system-err></testcase><testcase classname="CVE-2023-36479" name="pkg:maven/org.eclipse.jetty/jetty-io@9.4.51.v20230217"><failure message="cvssV3: MEDIUM, score: 4.3 (CVSS:3.1/AV:N/AC:L/PR:L/UI:N/S:U/C:N/I:L/A:N/E:2.8/RC:R/MAV:A)"/><system-out>Eclipse Jetty Canonical Repository is the canonical repository for the Jetty project. Users of the CgiServlet with a very specific command structure may have the wrong command executed. If a user sends a request to a org.eclipse.jetty.servlets.CGI Servlet for a binary with a space in its name, the servlet will escape the command by wrapping it in quotation marks. This wrapped command, plus an optional command prefix, will then be executed through a call to Runtime.exec. If the original binary name provided by the user contains a quotation mark followed by a space, the resulting command line will contain multiple tokens instead of one. This issue was patched in version 9.4.52, 10.0.16, 11.0.16 and 12.0.0-beta2.
</system-out><system-err>location: /Users/mradl/.m2/repository/org/eclipse/jetty/jetty-io/9.4.51.v20230217/jetty-io-9.4.51.v20230217.jar, project-references: [  ]</system-err></testcase><testcase classname="CVE-2023-41900" name="pkg:maven/org.eclipse.jetty/jetty-io@9.4.51.v20230217"><failure message="cvssV3: MEDIUM, score: 4.3 (CVSS:3.1/AV:N/AC:L/PR:L/UI:N/S:U/C:L/I:N/A:N/E:2.8/RC:R/MAV:A)"/><system-out>Jetty is a Java based web server and servlet engine. Versions 9.4.21 through 9.4.51, 10.0.15, and 11.0.15 are vulnerable to weak authentication. If a Jetty `OpenIdAuthenticator` uses the optional nested `LoginService`, and that `LoginService` decides to revoke an already authenticated user, then the current request will still treat the user as authenticated. The authentication is then cleared from the session and subsequent requests will not be treated as authenticated. So a request on a previously authenticated session could be allowed to bypass authentication after it had been rejected by the `LoginService`. This impacts usages of the jetty-openid which have configured a nested `LoginService` and where that `LoginService` will is capable of rejecting previously authenticated users. Versions 9.4.52, 10.0.16, and 11.0.16 have a patch for this issue.</system-out><system-err>location: /Users/mradl/.m2/repository/org/eclipse/jetty/jetty-io/9.4.51.v20230217/jetty-io-9.4.51.v20230217.jar, project-references: [  ]</system-err></testcase></testsuite><testsuite failures="5" errors="0" time="0" id="87" name="/Users/mradl/.m2/repository/org/eclipse/jetty/jetty-server/9.4.51.v20230217/jetty-server-9.4.51.v20230217.jar" package="jetty-server-9.4.51.v20230217.jar" skipped="0" tests="5" timestamp="2024-02-23T20:35:51.275962"><testcase classname="CVE-2023-36478" name="pkg:maven/org.eclipse.jetty/jetty-server@9.4.51.v20230217"><failure message="cvssV3: HIGH, score: 7.5 (CVSS:3.1/AV:N/AC:L/PR:N/UI:N/S:U/C:N/I:N/A:H/E:3.9/RC:R/MAV:A)"/><system-out>Eclipse Jetty provides a web server and servlet container. In versions 11.0.0 through 11.0.15, 10.0.0 through 10.0.15, and 9.0.0 through 9.4.52, an integer overflow in `MetaDataBuilder.checkSize` allows for HTTP/2 HPACK header values to
exceed their size limit. `MetaDataBuilder.java` determines if a header name or value exceeds the size limit, and throws an exception if the limit is exceeded. However, when length is very large and huffman is true, the multiplication by 4 in line 295
will overflow, and length will become negative. `(_size+length)` will now be negative, and the check on line 296 will not be triggered. Furthermore, `MetaDataBuilder.checkSize` allows for user-entered HPACK header value sizes to be negative, potentially leading to a very large buffer allocation later on when the user-entered size is multiplied by 2. This means that if a user provides a negative length value (or, more precisely, a length value which, when multiplied by the 4/3 fudge factor, is negative), and this length value is a very large positive number when multiplied by 2, then the user can cause a very large buffer to be allocated on the server. Users of HTTP/2 can be impacted by a remote denial of service attack. The issue has been fixed in versions 11.0.16, 10.0.16, and 9.4.53. There are no known workarounds.</system-out><system-err>location: /Users/mradl/.m2/repository/org/eclipse/jetty/jetty-server/9.4.51.v20230217/jetty-server-9.4.51.v20230217.jar, project-references: [  ]</system-err></testcase><testcase classname="CVE-2023-44487" name="pkg:maven/org.eclipse.jetty/jetty-server@9.4.51.v20230217"><failure message="cvssV3: HIGH, score: 7.5 (CVSS:3.1/AV:N/AC:L/PR:N/UI:N/S:U/C:N/I:N/A:H/E:3.9/RC:R/MAV:A)"/><system-out>The HTTP/2 protocol allows a denial of service (server resource consumption) because request cancellation can reset many streams quickly, as exploited in the wild in August through October 2023.</system-out><system-err>location: /Users/mradl/.m2/repository/org/eclipse/jetty/jetty-server/9.4.51.v20230217/jetty-server-9.4.51.v20230217.jar, project-references: [  ]</system-err></testcase><testcase classname="CVE-2023-40167" name="pkg:maven/org.eclipse.jetty/jetty-server@9.4.51.v20230217"><failure message="cvssV3: MEDIUM, score: 5.3 (CVSS:3.1/AV:N/AC:L/PR:N/UI:N/S:U/C:N/I:L/A:N/E:3.9/RC:R/MAV:A)"/><system-out>Jetty is a Java based web server and servlet engine. Prior to versions 9.4.52, 10.0.16, 11.0.16, and 12.0.1, Jetty accepts the `+` character proceeding the content-length value in a HTTP/1 header field.  This is more permissive than allowed by the RFC and other servers routinely reject such requests with 400 responses.  There is no known exploit scenario, but it is conceivable that request smuggling could result if jetty is used in combination with a server that does not close the connection after sending such a 400 response. Versions 9.4.52, 10.0.16, 11.0.16, and 12.0.1 contain a patch for this issue. There is no workaround as there is no known exploit scenario.</system-out><system-err>location: /Users/mradl/.m2/repository/org/eclipse/jetty/jetty-server/9.4.51.v20230217/jetty-server-9.4.51.v20230217.jar, project-references: [  ]</system-err></testcase><testcase classname="CVE-2023-36479" name="pkg:maven/org.eclipse.jetty/jetty-server@9.4.51.v20230217"><failure message="cvssV3: MEDIUM, score: 4.3 (CVSS:3.1/AV:N/AC:L/PR:L/UI:N/S:U/C:N/I:L/A:N/E:2.8/RC:R/MAV:A)"/><system-out>Eclipse Jetty Canonical Repository is the canonical repository for the Jetty project. Users of the CgiServlet with a very specific command structure may have the wrong command executed. If a user sends a request to a org.eclipse.jetty.servlets.CGI Servlet for a binary with a space in its name, the servlet will escape the command by wrapping it in quotation marks. This wrapped command, plus an optional command prefix, will then be executed through a call to Runtime.exec. If the original binary name provided by the user contains a quotation mark followed by a space, the resulting command line will contain multiple tokens instead of one. This issue was patched in version 9.4.52, 10.0.16, 11.0.16 and 12.0.0-beta2.
</system-out><system-err>location: /Users/mradl/.m2/repository/org/eclipse/jetty/jetty-server/9.4.51.v20230217/jetty-server-9.4.51.v20230217.jar, project-references: [  ]</system-err></testcase><testcase classname="CVE-2023-41900" name="pkg:maven/org.eclipse.jetty/jetty-server@9.4.51.v20230217"><failure message="cvssV3: MEDIUM, score: 4.3 (CVSS:3.1/AV:N/AC:L/PR:L/UI:N/S:U/C:L/I:N/A:N/E:2.8/RC:R/MAV:A)"/><system-out>Jetty is a Java based web server and servlet engine. Versions 9.4.21 through 9.4.51, 10.0.15, and 11.0.15 are vulnerable to weak authentication. If a Jetty `OpenIdAuthenticator` uses the optional nested `LoginService`, and that `LoginService` decides to revoke an already authenticated user, then the current request will still treat the user as authenticated. The authentication is then cleared from the session and subsequent requests will not be treated as authenticated. So a request on a previously authenticated session could be allowed to bypass authentication after it had been rejected by the `LoginService`. This impacts usages of the jetty-openid which have configured a nested `LoginService` and where that `LoginService` will is capable of rejecting previously authenticated users. Versions 9.4.52, 10.0.16, and 11.0.16 have a patch for this issue.</system-out><system-err>location: /Users/mradl/.m2/repository/org/eclipse/jetty/jetty-server/9.4.51.v20230217/jetty-server-9.4.51.v20230217.jar, project-references: [  ]</system-err></testcase></testsuite><testsuite failures="0" errors="0" time="0" id="88" name="/Users/mradl/.m2/repository/joda-time/joda-time/2.10/joda-time-2.10.jar" package="joda-time-2.10.jar" skipped="0" tests="1" timestamp="2024-02-23T20:35:51.275962"><testcase classname="dependency-check" name="joda-time-2.10.jar"/></testsuite><testsuite failures="0" errors="0" time="0" id="89" name="/Users/mradl/.m2/repository/henryw374/js-joda/3.2.0-0/js-joda-3.2.0-0.jar" package="js-joda-3.2.0-0.jar" skipped="0" tests="1" timestamp="2024-02-23T20:35:51.275962"><testcase classname="dependency-check" name="js-joda-3.2.0-0.jar"/></testsuite><testsuite failures="0" errors="0" time="0" id="90" name="/Users/mradl/.m2/repository/cljsjs/js-joda-locale-en-us/3.1.1-1/js-joda-locale-en-us-3.1.1-1.jar" package="js-joda-locale-en-us-3.1.1-1.jar" skipped="0" tests="1" timestamp="2024-02-23T20:35:51.275962"><testcase classname="dependency-check" name="js-joda-locale-en-us-3.1.1-1.jar"/></testsuite><testsuite failures="0" errors="0" time="0" id="91" name="/Users/mradl/.m2/repository/cljsjs/js-joda-timezone/2.2.0-0/js-joda-timezone-2.2.0-0.jar" package="js-joda-timezone-2.2.0-0.jar" skipped="0" tests="1" timestamp="2024-02-23T20:35:51.275962"><testcase classname="dependency-check" name="js-joda-timezone-2.2.0-0.jar"/></testsuite><testsuite failures="0" errors="0" time="0" id="92" name="/Users/mradl/.m2/repository/com/googlecode/json-simple/json-simple/1.1.1/json-simple-1.1.1.jar" package="json-simple-1.1.1.jar" skipped="0" tests="1" timestamp="2024-02-23T20:35:51.275962"><testcase classname="dependency-check" name="json-simple-1.1.1.jar"/></testsuite><testsuite failures="0" errors="0" time="0" id="93" name="/Users/mradl/.m2/repository/com/google/code/findbugs/jsr305/1.3.9/jsr305-1.3.9.jar" package="jsr305-1.3.9.jar" skipped="0" tests="1" timestamp="2024-02-23T20:35:51.275962"><testcase classname="dependency-check" name="jsr305-1.3.9.jar"/></testsuite><testsuite failures="0" errors="0" time="0" id="94" name="/Users/mradl/.m2/repository/com/walmartlabs/lacinia/1.1/lacinia-1.1.jar" package="lacinia-1.1.jar" skipped="0" tests="1" timestamp="2024-02-23T20:35:51.275962"><testcase classname="dependency-check" name="lacinia-1.1.jar"/></testsuite><testsuite failures="0" errors="0" time="0" id="95" name="/Users/mradl/.m2/repository/org/tobereplaced/lettercase/1.0.0/lettercase-1.0.0.jar" package="lettercase-1.0.0.jar" skipped="0" tests="1" timestamp="2024-02-23T20:35:51.275962"><testcase classname="dependency-check" name="lettercase-1.0.0.jar"/></testsuite><testsuite failures="0" errors="0" time="0" id="96" name="/Users/mradl/.m2/repository/logbug/logbug/5.0.0/logbug-5.0.0.jar" package="logbug-5.0.0.jar" skipped="0" tests="1" timestamp="2024-02-23T20:35:51.275962"><testcase classname="dependency-check" name="logbug-5.0.0.jar"/></testsuite><testsuite failures="0" errors="0" time="0" id="97" name="/Users/mradl/.m2/repository/net/cgrand/macrovich/0.2.0/macrovich-0.2.0.jar" package="macrovich-0.2.0.jar" skipped="0" tests="1" timestamp="2024-02-23T20:35:51.275962"><testcase classname="dependency-check" name="macrovich-0.2.0.jar"/></testsuite><testsuite failures="1" errors="0" time="0" id="98" name="/Users/mradl/.m2/repository/org/clojure/math.numeric-tower/0.0.4/math.numeric-tower-0.0.4.jar" package="math.numeric-tower-0.0.4.jar" skipped="0" tests="1" timestamp="2024-02-23T20:35:51.275962"><testcase classname="CVE-2017-20189" name="pkg:maven/org.clojure/math.numeric-tower@0.0.4"><failure message="cvssV3: CRITICAL, score: 9.8 (CVSS:3.1/AV:N/AC:L/PR:N/UI:N/S:U/C:H/I:H/A:H/E:3.9/RC:R/MAV:A)"/><system-out>In Clojure before 1.9.0, classes can be used to construct a serialized object that executes arbitrary code upon deserialization. This is relevant if a server deserializes untrusted objects.</system-out><system-err>location: /Users/mradl/.m2/repository/org/clojure/math.numeric-tower/0.0.4/math.numeric-tower-0.0.4.jar, project-references: [  ]</system-err></testcase></testsuite><testsuite failures="0" errors="0" time="0" id="99" name="/Users/mradl/.m2/repository/medley/medley/1.4.0/medley-1.4.0.jar" package="medley-1.4.0.jar" skipped="0" tests="1" timestamp="2024-02-23T20:35:51.275962"><testcase classname="dependency-check" name="medley-1.4.0.jar"/></testsuite><testsuite failures="0" errors="0" time="0" id="100" name="/Users/mradl/.m2/repository/io/dropwizard/metrics/metrics-core/4.2.19/metrics-core-4.2.19.jar" package="metrics-core-4.2.19.jar" skipped="0" tests="1" timestamp="2024-02-23T20:35:51.275962"><testcase classname="dependency-check" name="metrics-core-4.2.19.jar"/></testsuite><testsuite failures="0" errors="0" time="0" id="101" name="/Users/mradl/.m2/repository/io/dropwizard/metrics/metrics-healthchecks/4.2.19/metrics-healthchecks-4.2.19.jar" package="metrics-healthchecks-4.2.19.jar" skipped="0" tests="1" timestamp="2024-02-23T20:35:51.275962"><testcase classname="dependency-check" name="metrics-healthchecks-4.2.19.jar"/></testsuite><testsuite failures="0" errors="0" time="0" id="102" name="/Users/mradl/.m2/repository/org/msgpack/msgpack/0.6.12/msgpack-0.6.12.jar" package="msgpack-0.6.12.jar" skipped="0" tests="1" timestamp="2024-02-23T20:35:51.275962"><testcase classname="dependency-check" name="msgpack-0.6.12.jar"/></testsuite><testsuite failures="0" errors="0" time="0" id="103" name="/Users/mradl/.m2/repository/com/github/seancorfield/next.jdbc/1.3.894/next.jdbc-1.3.894.jar" package="next.jdbc-1.3.894.jar" skipped="0" tests="1" timestamp="2024-02-23T20:35:51.275962"><testcase classname="dependency-check" name="next.jdbc-1.3.894.jar"/></testsuite><testsuite failures="0" errors="0" time="0" id="104" name="/Users/mradl/.m2/repository/noencore/noencore/0.3.6/noencore-0.3.6.jar" package="noencore-0.3.6.jar" skipped="0" tests="1" timestamp="2024-02-23T20:35:51.275962"><testcase classname="dependency-check" name="noencore-0.3.6.jar"/></testsuite><testsuite failures="0" errors="0" time="0" id="105" name="/Users/mradl/.m2/repository/nrepl/nrepl/1.0.0/nrepl-1.0.0.jar" package="nrepl-1.0.0.jar" skipped="0" tests="1" timestamp="2024-02-23T20:35:51.275962"><testcase classname="dependency-check" name="nrepl-1.0.0.jar"/></testsuite><testsuite failures="0" errors="0" time="0" id="106" name="/Users/mradl/.m2/repository/ns-tracker/ns-tracker/0.4.0/ns-tracker-0.4.0.jar" package="ns-tracker-0.4.0.jar" skipped="0" tests="1" timestamp="2024-02-23T20:35:51.275962"><testcase classname="dependency-check" name="ns-tracker-0.4.0.jar"/></testsuite><testsuite failures="0" errors="0" time="0" id="107" name="/Users/mradl/.m2/repository/org/flatland/ordered/1.15.10/ordered-1.15.10.jar" package="ordered-1.15.10.jar" skipped="0" tests="1" timestamp="2024-02-23T20:35:51.275962"><testcase classname="dependency-check" name="ordered-1.15.10.jar"/></testsuite><testsuite failures="0" errors="0" time="0" id="108" name="/Users/mradl/.m2/repository/org/abego/treelayout/org.abego.treelayout.core/1.0.3/org.abego.treelayout.core-1.0.3.jar" package="org.abego.treelayout.core-1.0.3.jar" skipped="0" tests="1" timestamp="2024-02-23T20:35:51.275962"><testcase classname="dependency-check" name="org.abego.treelayout.core-1.0.3.jar"/></testsuite><testsuite failures="0" errors="0" time="0" id="109" name="/Users/mradl/.m2/repository/pandect/pandect/1.0.2/pandect-1.0.2.jar" package="pandect-1.0.2.jar" skipped="0" tests="1" timestamp="2024-02-23T20:35:51.275962"><testcase classname="dependency-check" name="pandect-1.0.2.jar"/></testsuite><testsuite failures="0" errors="0" time="0" id="110" name="/Users/mradl/.m2/repository/alumbra/parser/0.1.7/parser-0.1.7.jar" package="parser-0.1.7.jar" skipped="0" tests="1" timestamp="2024-02-23T20:35:51.275962"><testcase classname="dependency-check" name="parser-0.1.7.jar"/></testsuite><testsuite failures="0" errors="0" time="0" id="111" name="/Users/mradl/.m2/repository/timothypratley/patchin/0.3.5/patchin-0.3.5.jar" package="patchin-0.3.5.jar" skipped="0" tests="1" timestamp="2024-02-23T20:35:51.275962"><testcase classname="dependency-check" name="patchin-0.3.5.jar"/></testsuite><testsuite failures="0" errors="0" time="0" id="112" name="/Users/mradl/.m2/repository/pathetic/pathetic/0.5.0/pathetic-0.5.0.jar" package="pathetic-0.5.0.jar" skipped="0" tests="1" timestamp="2024-02-23T20:35:51.275962"><testcase classname="dependency-check" name="pathetic-0.5.0.jar"/></testsuite><testsuite failures="0" errors="0" time="0" id="113" name="/Users/mradl/.m2/repository/pg-types/pg-types/3.0.0/pg-types-3.0.0.jar" package="pg-types-3.0.0.jar" skipped="0" tests="1" timestamp="2024-02-23T20:35:51.275962"><testcase classname="dependency-check" name="pg-types-3.0.0.jar"/></testsuite><testsuite failures="0" errors="0" time="0" id="114" name="/Users/mradl/.m2/repository/org/postgresql/postgresql/42.2.12/postgresql-42.2.12.jar/META-INF/maven/com.ongres.scram/client/pom.xml" package="postgresql-42.2.12.jar (shaded: com.ongres.scram:client:2.1)" skipped="0" tests="1" timestamp="2024-02-23T20:35:51.275962"><testcase classname="dependency-check" name="postgresql-42.2.12.jar (shaded: com.ongres.scram:client:2.1)"/></testsuite><testsuite failures="0" errors="0" time="0" id="115" name="/Users/mradl/.m2/repository/org/postgresql/postgresql/42.2.12/postgresql-42.2.12.jar/META-INF/maven/com.ongres.scram/common/pom.xml" package="postgresql-42.2.12.jar (shaded: com.ongres.scram:common:2.1)" skipped="0" tests="1" timestamp="2024-02-23T20:35:51.275962"><testcase classname="dependency-check" name="postgresql-42.2.12.jar (shaded: com.ongres.scram:common:2.1)"/></testsuite><testsuite failures="0" errors="0" time="0" id="116" name="/Users/mradl/.m2/repository/org/postgresql/postgresql/42.2.12/postgresql-42.2.12.jar/META-INF/maven/com.ongres.stringprep/saslprep/pom.xml" package="postgresql-42.2.12.jar (shaded: com.ongres.stringprep:saslprep:1.1)" skipped="0" tests="1" timestamp="2024-02-23T20:35:51.275962"><testcase classname="dependency-check" name="postgresql-42.2.12.jar (shaded: com.ongres.stringprep:saslprep:1.1)"/></testsuite><testsuite failures="0" errors="0" time="0" id="117" name="/Users/mradl/.m2/repository/org/postgresql/postgresql/42.2.12/postgresql-42.2.12.jar/META-INF/maven/com.ongres.stringprep/stringprep/pom.xml" package="postgresql-42.2.12.jar (shaded: com.ongres.stringprep:stringprep:1.1)" skipped="0" tests="1" timestamp="2024-02-23T20:35:51.275962"><testcase classname="dependency-check" name="postgresql-42.2.12.jar (shaded: com.ongres.stringprep:stringprep:1.1)"/></testsuite><testsuite failures="5" errors="0" time="0" id="118" name="/Users/mradl/.m2/repository/org/postgresql/postgresql/42.2.12/postgresql-42.2.12.jar" package="postgresql-42.2.12.jar" skipped="0" tests="5" timestamp="2024-02-23T20:35:51.275962"><testcase classname="CVE-2022-26520" name="pkg:maven/org.postgresql/postgresql@42.2.12"><failure message="cvssV3: CRITICAL, score: 9.800000190734863 (CVSS:3.1/AV:N/AC:L/PR:N/UI:N/S:U/C:H/I:H/A:H)"/><system-out>In pgjdbc before 42.3.3, an attacker (who controls the jdbc URL or properties) can call java.util.logging.FileHandler to write to arbitrary files through the loggerFile and loggerLevel connection properties. An example situation is that an attacker could create an executable JSP file under a Tomcat web root. NOTE: the vendor&apos;s position is that there is no pgjdbc vulnerability; instead, it is a vulnerability for any application to use the pgjdbc driver with untrusted connection properties

Sonatype&apos;s research suggests that this CVE&apos;s details differ from those defined at NVD. See https://ossindex.sonatype.org/vulnerability/CVE-2022-26520 for details</system-out><system-err>location: /Users/mradl/.m2/repository/org/postgresql/postgresql/42.2.12/postgresql-42.2.12.jar, project-references: [  ]</system-err></testcase><testcase classname="CVE-2022-21724" name="pkg:maven/org.postgresql/postgresql@42.2.12"><failure message="cvssV3: CRITICAL, score: 9.8 (CVSS:3.1/AV:N/AC:L/PR:N/UI:N/S:U/C:H/I:H/A:H/E:3.9/RC:R/MAV:A)"/><system-out>pgjdbc is the offical PostgreSQL JDBC Driver. A security hole was found in the jdbc driver for postgresql database while doing security research. The system using the postgresql library will be attacked when attacker control the jdbc url or properties. pgjdbc instantiates plugin instances based on class names provided via `authenticationPluginClassName`, `sslhostnameverifier`, `socketFactory`, `sslfactory`, `sslpasswordcallback` connection properties. However, the driver did not verify if the class implements the expected interface before instantiating the class. This can lead to code execution loaded via arbitrary classes. Users using plugins are advised to upgrade. There are no known workarounds for this issue.</system-out><system-err>location: /Users/mradl/.m2/repository/org/postgresql/postgresql/42.2.12/postgresql-42.2.12.jar, project-references: [  ]</system-err></testcase><testcase classname="CVE-2022-31197" name="pkg:maven/org.postgresql/postgresql@42.2.12"><failure message="cvssV3: HIGH, score: 8.0 (CVSS:3.1/AV:N/AC:L/PR:L/UI:R/S:U/C:H/I:H/A:H/E:2.1/RC:R/MAV:A)"/><system-out>PostgreSQL JDBC Driver (PgJDBC for short) allows Java programs to connect to a PostgreSQL database using standard, database independent Java code. The PGJDBC implementation of the `java.sql.ResultRow.refreshRow()` method is not performing escaping of column names so a malicious column name that contains a statement terminator, e.g. `;`, could lead to SQL injection. This could lead to executing additional SQL commands as the application&apos;s JDBC user. User applications that do not invoke the `ResultSet.refreshRow()` method are not impacted. User application that do invoke that method are impacted if the underlying database that they are querying via their JDBC application may be under the control of an attacker. The attack requires the attacker to trick the user into executing SQL against a table name who&apos;s column names would contain the malicious SQL and subsequently invoke the `refreshRow()` method on the ResultSet. Note that the application&apos;s JDBC user and the schema owner need not be the same. A JDBC application that executes as a privileged user querying database schemas owned by potentially malicious less-privileged users would be vulnerable. In that situation it may be possible for the malicious user to craft a schema that causes the application to execute commands as the privileged user. Patched versions will be released as `42.2.26` and `42.4.1`. Users are advised to upgrade. There are no known workarounds for this issue.</system-out><system-err>location: /Users/mradl/.m2/repository/org/postgresql/postgresql/42.2.12/postgresql-42.2.12.jar, project-references: [  ]</system-err></testcase><testcase classname="CVE-2020-13692" name="pkg:maven/org.postgresql/postgresql@42.2.12"><failure message="cvssV3: HIGH, score: 7.7 (CVSS:3.1/AV:N/AC:H/PR:N/UI:N/S:U/C:H/I:L/A:H/E:2.2/RC:R/MAV:A)"/><system-out>PostgreSQL JDBC Driver (aka PgJDBC) before 42.2.13 allows XXE.</system-out><system-err>location: /Users/mradl/.m2/repository/org/postgresql/postgresql/42.2.12/postgresql-42.2.12.jar, project-references: [  ]</system-err></testcase><testcase classname="CVE-2022-41946" name="pkg:maven/org.postgresql/postgresql@42.2.12"><failure message="cvssV3: MEDIUM, score: 5.5 (CVSS:3.1/AV:L/AC:L/PR:L/UI:N/S:U/C:H/I:N/A:N/E:1.8/RC:R/MAV:A)"/><system-out>pgjdbc is an open source postgresql JDBC Driver. In affected versions a prepared statement using either `PreparedStatement.setText(int, InputStream)` or `PreparedStatemet.setBytea(int, InputStream)` will create a temporary file if the InputStream is larger than 2k. This will create a temporary file which is readable by other users on Unix like systems, but not MacOS. On Unix like systems, the system&apos;s temporary directory is shared between all users on that system. Because of this, when files and directories are written into this directory they are, by default, readable by other users on that same system. This vulnerability does not allow other users to overwrite the contents of these directories or files. This is purely an information disclosure vulnerability. Because certain JDK file system APIs were only added in JDK 1.7, this this fix is dependent upon the version of the JDK you are using. Java 1.7 and higher users: this vulnerability is fixed in 4.5.0. Java 1.6 and lower users: no patch is available. If you are unable to patch, or are stuck running on Java 1.6, specifying the java.io.tmpdir system environment variable to a directory that is exclusively owned by the executing user will mitigate this vulnerability.</system-out><system-err>location: /Users/mradl/.m2/repository/org/postgresql/postgresql/42.2.12/postgresql-42.2.12.jar, project-references: [  ]</system-err></testcase></testsuite><testsuite failures="0" errors="0" time="0" id="119" name="/Users/mradl/.m2/repository/potemkin/potemkin/0.4.5/potemkin-0.4.5.jar" package="potemkin-0.4.5.jar" skipped="0" tests="1" timestamp="2024-02-23T20:35:51.275962"><testcase classname="dependency-check" name="potemkin-0.4.5.jar"/></testsuite><testsuite failures="0" errors="0" time="0" id="120" name="/Users/mradl/.m2/repository/io/aviso/pretty/1.1.1/pretty-1.1.1.jar" package="pretty-1.1.1.jar" skipped="0" tests="1" timestamp="2024-02-23T20:35:51.275962"><testcase classname="dependency-check" name="pretty-1.1.1.jar"/></testsuite><testsuite failures="0" errors="0" time="0" id="121" name="/Users/mradl/.m2/repository/org/ocpsoft/prettytime/prettytime/3.2.5.Final/prettytime-3.2.5.Final.jar" package="prettytime-3.2.5.Final.jar" skipped="0" tests="1" timestamp="2024-02-23T20:35:51.275962"><testcase classname="dependency-check" name="prettytime-3.2.5.Final.jar"/></testsuite><testsuite failures="0" errors="0" time="0" id="122" name="/Users/mradl/.m2/repository/reagent/reagent/1.1.0/reagent-1.1.0.jar" package="reagent-1.1.0.jar" skipped="0" tests="1" timestamp="2024-02-23T20:35:51.275962"><testcase classname="dependency-check" name="reagent-1.1.0.jar"/></testsuite><testsuite failures="0" errors="0" time="0" id="123" name="/Users/mradl/.m2/repository/riddley/riddley/0.1.12/riddley-0.1.12.jar" package="riddley-0.1.12.jar" skipped="0" tests="1" timestamp="2024-02-23T20:35:51.275962"><testcase classname="dependency-check" name="riddley-0.1.12.jar"/></testsuite><testsuite failures="0" errors="0" time="0" id="124" name="/Users/mradl/.m2/repository/ring/ring/1.10.0/ring-1.10.0.jar" package="ring-1.10.0.jar" skipped="0" tests="1" timestamp="2024-02-23T20:35:51.275962"><testcase classname="dependency-check" name="ring-1.10.0.jar"/></testsuite><testsuite failures="1" errors="0" time="0" id="125" name="/Users/mradl/.m2/repository/ring/ring-codec/1.2.0/ring-codec-1.2.0.jar" package="ring-codec-1.2.0.jar" skipped="0" tests="1" timestamp="2024-02-23T20:35:51.275962"><testcase classname="CVE-2017-20189" name="pkg:maven/ring/ring-codec@1.2.0"><failure message="cvssV3: CRITICAL, score: 9.8 (CVSS:3.1/AV:N/AC:L/PR:N/UI:N/S:U/C:H/I:H/A:H/E:3.9/RC:R/MAV:A)"/><system-out>In Clojure before 1.9.0, classes can be used to construct a serialized object that executes arbitrary code upon deserialization. This is relevant if a server deserializes untrusted objects.</system-out><system-err>location: /Users/mradl/.m2/repository/rin
[...]
"0" time="0" id="131" name="/Users/mradl/.m2/repository/threatgrid/ring-graphql-voyager/0.1.2/ring-graphql-voyager-0.1.2.jar" package="ring-graphql-voyager-0.1.2.jar" skipped="0" tests="1" timestamp="2024-02-23T20:35:51.275962"><testcase classname="CVE-2014-125074" name="pkg:maven/threatgrid/ring-graphql-voyager@0.1.2"><failure message="cvssV3: CRITICAL, score: 9.8 (CVSS:3.1/AV:N/AC:L/PR:N/UI:N/S:U/C:H/I:H/A:H/E:3.9/RC:R/MAV:A)"/><system-out>A vulnerability was found in Nayshlok Voyager. It has been declared as critical. Affected by this vulnerability is an unknown functionality of the file Voyager/src/models/DatabaseAccess.java. The manipulation leads to sql injection. The identifier of the patch is f1249f438cd8c39e7ef2f6c8f2ab76b239a02fae. It is recommended to apply a patch to fix this issue. The identifier VDB-218005 was assigned to this vulnerability.</system-out><system-err>location: /Users/mradl/.m2/repository/threatgrid/ring-graphql-voyager/0.1.2/ring-graphql-voyager-0.1.2.jar, project-references: [  ]</system-err></testcase></testsuite><testsuite failures="0" errors="0" time="0" id="132" name="/Users/mradl/.m2/repository/metosin/ring-http-response/0.9.0/ring-http-response-0.9.0.jar" package="ring-http-response-0.9.0.jar" skipped="0" tests="1" timestamp="2024-02-23T20:35:51.275962"><testcase classname="dependency-check" name="ring-http-response-0.9.0.jar"/></testsuite><testsuite failures="0" errors="0" time="0" id="133" name="/Users/mradl/.m2/repository/ring/ring-jetty-adapter/1.10.0/ring-jetty-adapter-1.10.0.jar" package="ring-jetty-adapter-1.10.0.jar" skipped="0" tests="1" timestamp="2024-02-23T20:35:51.275962"><testcase classname="dependency-check" name="ring-jetty-adapter-1.10.0.jar"/></testsuite><testsuite failures="1" errors="0" time="0" id="134" name="/Users/mradl/.m2/repository/ring/ring-json/0.5.1/ring-json-0.5.1.jar" package="ring-json-0.5.1.jar" skipped="0" tests="1" timestamp="2024-02-23T20:35:51.275962"><testcase classname="CVE-2017-20189" name="pkg:maven/ring/ring-json@0.5.1"><failure message="cvssV3: CRITICAL, score: 9.8 (CVSS:3.1/AV:N/AC:L/PR:N/UI:N/S:U/C:H/I:H/A:H/E:3.9/RC:R/MAV:A)"/><system-out>In Clojure before 1.9.0, classes can be used to construct a serialized object that executes arbitrary code upon deserialization. This is relevant if a server deserializes untrusted objects.</system-out><system-err>location: /Users/mradl/.m2/repository/ring/ring-json/0.5.1/ring-json-0.5.1.jar, project-references: [  ]</system-err></testcase></testsuite><testsuite failures="0" errors="0" time="0" id="135" name="/Users/mradl/.m2/repository/ring-middleware-accept/ring-middleware-accept/2.0.3/ring-middleware-accept-2.0.3.jar" package="ring-middleware-accept-2.0.3.jar" skipped="0" tests="1" timestamp="2024-02-23T20:35:51.275962"><testcase classname="dependency-check" name="ring-middleware-accept-2.0.3.jar"/></testsuite><testsuite failures="0" errors="0" time="0" id="136" name="/Users/mradl/.m2/repository/ring/ring-servlet/1.10.0/ring-servlet-1.10.0.jar" package="ring-servlet-1.10.0.jar" skipped="0" tests="1" timestamp="2024-02-23T20:35:51.275962"><testcase classname="dependency-check" name="ring-servlet-1.10.0.jar"/></testsuite><testsuite failures="0" errors="0" time="0" id="137" name="/Users/mradl/.m2/repository/prismatic/schema/1.1.7/schema-1.1.7.jar" package="schema-1.1.7.jar" skipped="0" tests="1" timestamp="2024-02-23T20:35:51.275962"><testcase classname="dependency-check" name="schema-1.1.7.jar"/></testsuite><testsuite failures="0" errors="0" time="0" id="138" name="/Users/mradl/.m2/repository/spootnik/signal/0.2.4/signal-0.2.4.jar" package="signal-0.2.4.jar" skipped="0" tests="1" timestamp="2024-02-23T20:35:51.275962"><testcase classname="dependency-check" name="signal-0.2.4.jar"/></testsuite><testsuite failures="0" errors="0" time="0" id="139" name="/Users/mradl/.m2/repository/org/slf4j/slf4j-api/2.0.7/slf4j-api-2.0.7.jar" package="slf4j-api-2.0.7.jar" skipped="0" tests="1" timestamp="2024-02-23T20:35:51.275962"><testcase classname="dependency-check" name="slf4j-api-2.0.7.jar"/></testsuite><testsuite failures="0" errors="0" time="0" id="140" name="/Users/mradl/.m2/repository/com/fzakaria/slf4j-timbre/0.4.0/slf4j-timbre-0.4.0.jar" package="slf4j-timbre-0.4.0.jar" skipped="0" tests="1" timestamp="2024-02-23T20:35:51.275962"><testcase classname="dependency-check" name="slf4j-timbre-0.4.0.jar"/></testsuite><testsuite failures="0" errors="0" time="0" id="141" name="/Users/mradl/.m2/repository/slingshot/slingshot/0.12.2/slingshot-0.12.2.jar" package="slingshot-0.12.2.jar" skipped="0" tests="1" timestamp="2024-02-23T20:35:51.275962"><testcase classname="dependency-check" name="slingshot-0.12.2.jar"/></testsuite><testsuite failures="7" errors="0" time="0" id="142" name="/Users/mradl/.m2/repository/org/yaml/snakeyaml/1.26/snakeyaml-1.26.jar" package="snakeyaml-1.26.jar" skipped="0" tests="7" timestamp="2024-02-23T20:35:51.275962"><testcase classname="CVE-2022-1471" name="pkg:maven/org.yaml/snakeyaml@1.26"><failure message="cvssV3: CRITICAL, score: 9.8 (CVSS:3.1/AV:N/AC:L/PR:N/UI:N/S:U/C:H/I:H/A:H/E:3.9/RC:R/MAV:A)"/><system-out>SnakeYaml&apos;s Constructor() class does not restrict types which can be instantiated during deserialization.��Deserializing yaml content provided by an attacker can lead to remote code execution. We recommend using SnakeYaml&apos;s SafeConsturctor when parsing untrusted content to restrict deserialization. We recommend upgrading to version 2.0 and beyond.
</system-out><system-err>location: /Users/mradl/.m2/repository/org/yaml/snakeyaml/1.26/snakeyaml-1.26.jar, project-references: [  ]</system-err></testcase><testcase classname="CVE-2022-25857" name="pkg:maven/org.yaml/snakeyaml@1.26"><failure message="cvssV3: HIGH, score: 7.5 (CVSS:3.1/AV:N/AC:L/PR:N/UI:N/S:U/C:N/I:N/A:H/E:3.9/RC:R/MAV:A)"/><system-out>The package org.yaml:snakeyaml from 0 and before 1.31 are vulnerable to Denial of Service (DoS) due missing to nested depth limitation for collections.</system-out><system-err>location: /Users/mradl/.m2/repository/org/yaml/snakeyaml/1.26/snakeyaml-1.26.jar, project-references: [  ]</system-err></testcase><testcase classname="CVE-2022-38749" name="pkg:maven/org.yaml/snakeyaml@1.26"><failure message="cvssV3: MEDIUM, score: 6.5 (CVSS:3.1/AV:N/AC:L/PR:L/UI:N/S:U/C:N/I:N/A:H/E:2.8/RC:R/MAV:A)"/><system-out>Using snakeYAML to parse untrusted YAML files may be vulnerable to Denial of Service attacks (DOS). If the parser is running on user supplied input, an attacker may supply content that causes the parser to crash by stackoverflow.</system-out><system-err>location: /Users/mradl/.m2/repository/org/yaml/snakeyaml/1.26/snakeyaml-1.26.jar, project-references: [  ]</system-err></testcase><testcase classname="CVE-2022-38751" name="pkg:maven/org.yaml/snakeyaml@1.26"><failure message="cvssV3: MEDIUM, score: 6.5 (CVSS:3.1/AV:N/AC:L/PR:L/UI:N/S:U/C:N/I:N/A:H/E:2.8/RC:R/MAV:A)"/><system-out>Using snakeYAML to parse untrusted YAML files may be vulnerable to Denial of Service attacks (DOS). If the parser is running on user supplied input, an attacker may supply content that causes the parser to crash by stackoverflow.</system-out><system-err>location: /Users/mradl/.m2/repository/org/yaml/snakeyaml/1.26/snakeyaml-1.26.jar, project-references: [  ]</system-err></testcase><testcase classname="CVE-2022-38752" name="pkg:maven/org.yaml/snakeyaml@1.26"><failure message="cvssV3: MEDIUM, score: 6.5 (CVSS:3.1/AV:N/AC:L/PR:L/UI:N/S:U/C:N/I:N/A:H/E:2.8/RC:R/MAV:A)"/><system-out>Using snakeYAML to parse untrusted YAML files may be vulnerable to Denial of Service attacks (DOS). If the parser is running on user supplied input, an attacker may supply content that causes the parser to crash by stack-overflow.</system-out><system-err>location: /Users/mradl/.m2/repository/org/yaml/snakeyaml/1.26/snakeyaml-1.26.jar, project-references: [  ]</system-err></testcase><testcase classname="CVE-2022-41854" name="pkg:maven/org.yaml/snakeyaml@1.26"><failure message="cvssV3: MEDIUM, score: 6.5 (CVSS:3.1/AV:N/AC:L/PR:N/UI:R/S:U/C:N/I:N/A:H/E:2.8/RC:R/MAV:A)"/><system-out>Those using Snakeyaml to parse untrusted YAML files may be vulnerable to Denial of Service attacks (DOS). If the parser is running on user supplied input, an attacker may supply content that causes the parser to crash by stack overflow. This effect may support a denial of service attack.</system-out><system-err>location: /Users/mradl/.m2/repository/org/yaml/snakeyaml/1.26/snakeyaml-1.26.jar, project-references: [  ]</system-err></testcase><testcase classname="CVE-2022-38750" name="pkg:maven/org.yaml/snakeyaml@1.26"><failure message="cvssV3: MEDIUM, score: 5.5 (CVSS:3.1/AV:L/AC:L/PR:N/UI:R/S:U/C:N/I:N/A:H/E:1.8/RC:R/MAV:A)"/><system-out>Using snakeYAML to parse untrusted YAML files may be vulnerable to Denial of Service attacks (DOS). If the parser is running on user supplied input, an attacker may supply content that causes the parser to crash by stackoverflow.</system-out><system-err>location: /Users/mradl/.m2/repository/org/yaml/snakeyaml/1.26/snakeyaml-1.26.jar, project-references: [  ]</system-err></testcase></testsuite><testsuite failures="1" errors="0" time="0" id="143" name="/Users/mradl/.m2/repository/org/clojure/spec.alpha/0.2.194/spec.alpha-0.2.194.jar" package="spec.alpha-0.2.194.jar" skipped="0" tests="1" timestamp="2024-02-23T20:35:51.275962"><testcase classname="CVE-2017-20189" name="pkg:maven/org.clojure/spec.alpha@0.2.194"><failure message="cvssV3: CRITICAL, score: 9.8 (CVSS:3.1/AV:N/AC:L/PR:N/UI:N/S:U/C:H/I:H/A:H/E:3.9/RC:R/MAV:A)"/><system-out>In Clojure before 1.9.0, classes can be used to construct a serialized object that executes arbitrary code upon deserialization. This is relevant if a server deserializes untrusted objects.</system-out><system-err>location: /Users/mradl/.m2/repository/org/clojure/spec.alpha/0.2.194/spec.alpha-0.2.194.jar, project-references: [  ]</system-err></testcase></testsuite><testsuite failures="0" errors="0" time="0" id="144" name="/Users/mradl/.m2/repository/com/rpl/specter/1.1.4/specter-1.1.4.jar" package="specter-1.1.4.jar" skipped="0" tests="1" timestamp="2024-02-23T20:35:51.275962"><testcase classname="dependency-check" name="specter-1.1.4.jar"/></testsuite><testsuite failures="0" errors="0" time="0" id="145" name="/Users/mradl/.m2/repository/tick/tick/0.5.0-RC5/tick-0.5.0-RC5.jar" package="tick-0.5.0-RC5.jar" skipped="0" tests="1" timestamp="2024-02-23T20:35:51.275962"><testcase classname="dependency-check" name="tick-0.5.0-RC5.jar"/></testsuite><testsuite failures="0" errors="0" time="0" id="146" name="/Users/mradl/.m2/repository/tigris/tigris/0.1.2/tigris-0.1.2.jar" package="tigris-0.1.2.jar" skipped="0" tests="1" timestamp="2024-02-23T20:35:51.275962"><testcase classname="dependency-check" name="tigris-0.1.2.jar"/></testsuite><testsuite failures="0" errors="0" time="0" id="147" name="/Users/mradl/.m2/repository/com/taoensso/timbre/6.2.2/timbre-6.2.2.jar" package="timbre-6.2.2.jar" skipped="0" tests="1" timestamp="2024-02-23T20:35:51.275962"><testcase classname="dependency-check" name="timbre-6.2.2.jar"/></testsuite><testsuite failures="0" errors="0" time="0" id="148" name="/Users/mradl/.m2/repository/time-literals/time-literals/0.1.5/time-literals-0.1.5.jar" package="time-literals-0.1.5.jar" skipped="0" tests="1" timestamp="2024-02-23T20:35:51.275962"><testcase classname="dependency-check" name="time-literals-0.1.5.jar"/></testsuite><testsuite failures="1" errors="0" time="0" id="149" name="/Users/mradl/.m2/repository/org/clojure/tools.analyzer/0.6.9/tools.analyzer-0.6.9.jar" package="tools.analyzer-0.6.9.jar" skipped="0" tests="1" timestamp="2024-02-23T20:35:51.275962"><testcase classname="CVE-2017-20189" name="pkg:maven/org.clojure/tools.analyzer@0.6.9"><failure message="cvssV3: CRITICAL, score: 9.8 (CVSS:3.1/AV:N/AC:L/PR:N/UI:N/S:U/C:H/I:H/A:H/E:3.9/RC:R/MAV:A)"/><system-out>In Clojure before 1.9.0, classes can be used to construct a serialized object that executes arbitrary code upon deserialization. This is relevant if a server deserializes untrusted objects.</system-out><system-err>location: /Users/mradl/.m2/repository/org/clojure/tools.analyzer/0.6.9/tools.analyzer-0.6.9.jar, project-references: [  ]</system-err></testcase></testsuite><testsuite failures="1" errors="0" time="0" id="150" name="/Users/mradl/.m2/repository/org/clojure/tools.analyzer.jvm/0.7.0/tools.analyzer.jvm-0.7.0.jar" package="tools.analyzer.jvm-0.7.0.jar" skipped="0" tests="1" timestamp="2024-02-23T20:35:51.275962"><testcase classname="CVE-2017-20189" name="pkg:maven/org.clojure/tools.analyzer.jvm@0.7.0"><failure message="cvssV3: CRITICAL, score: 9.8 (CVSS:3.1/AV:N/AC:L/PR:N/UI:N/S:U/C:H/I:H/A:H/E:3.9/RC:R/MAV:A)"/><system-out>In Clojure before 1.9.0, classes can be used to construct a serialized object that executes arbitrary code upon deserialization. This is relevant if a server deserializes untrusted objects.</system-out><system-err>location: /Users/mradl/.m2/repository/org/clojure/tools.analyzer.jvm/0.7.0/tools.analyzer.jvm-0.7.0.jar, project-references: [  ]</system-err></testcase></testsuite><testsuite failures="1" errors="0" time="0" id="151" name="/Users/mradl/.m2/repository/org/clojure/tools.cli/1.0.206/tools.cli-1.0.206.jar" package="tools.cli-1.0.206.jar" skipped="0" tests="1" timestamp="2024-02-23T20:35:51.275962"><testcase classname="CVE-2017-20189" name="pkg:maven/org.clojure/tools.cli@1.0.206"><failure message="cvssV3: CRITICAL, score: 9.8 (CVSS:3.1/AV:N/AC:L/PR:N/UI:N/S:U/C:H/I:H/A:H/E:3.9/RC:R/MAV:A)"/><system-out>In Clojure before 1.9.0, classes can be used to construct a serialized object that executes arbitrary code upon deserialization. This is relevant if a server deserializes untrusted objects.</system-out><system-err>location: /Users/mradl/.m2/repository/org/clojure/tools.cli/1.0.206/tools.cli-1.0.206.jar, project-references: [  ]</system-err></testcase></testsuite><testsuite failures="1" errors="0" time="0" id="152" name="/Users/mradl/.m2/repository/org/clojure/tools.logging/1.2.1/tools.logging-1.2.1.jar" package="tools.logging-1.2.1.jar" skipped="0" tests="1" timestamp="2024-02-23T20:35:51.275962"><testcase classname="CVE-2017-20189" name="pkg:maven/org.clojure/tools.logging@1.2.1"><failure message="cvssV3: CRITICAL, score: 9.8 (CVSS:3.1/AV:N/AC:L/PR:N/UI:N/S:U/C:H/I:H/A:H/E:3.9/RC:R/MAV:A)"/><system-out>In Clojure before 1.9.0, classes can be used to construct a serialized object that executes arbitrary code upon deserialization. This is relevant if a server deserializes untrusted objects.</system-out><system-err>location: /Users/mradl/.m2/repository/org/clojure/tools.logging/1.2.1/tools.logging-1.2.1.jar, project-references: [  ]</system-err></testcase></testsuite><testsuite failures="1" errors="0" time="0" id="153" name="/Users/mradl/.m2/repository/org/clojure/tools.macro/0.1.5/tools.macro-0.1.5.jar" package="tools.macro-0.1.5.jar" skipped="0" tests="1" timestamp="2024-02-23T20:35:51.275962"><testcase classname="CVE-2017-20189" name="pkg:maven/org.clojure/tools.macro@0.1.5"><failure message="cvssV3: CRITICAL, score: 9.8 (CVSS:3.1/AV:N/AC:L/PR:N/UI:N/S:U/C:H/I:H/A:H/E:3.9/RC:R/MAV:A)"/><system-out>In Clojure before 1.9.0, classes can be used to construct a serialized object that executes arbitrary code upon deserialization. This is relevant if a server deserializes untrusted objects.</system-out><system-err>location: /Users/mradl/.m2/repository/org/clojure/tools.macro/0.1.5/tools.macro-0.1.5.jar, project-references: [  ]</system-err></testcase></testsuite><testsuite failures="1" errors="0" time="0" id="154" name="/Users/mradl/.m2/repository/org/clojure/tools.namespace/0.2.11/tools.namespace-0.2.11.jar" package="tools.namespace-0.2.11.jar" skipped="0" tests="1" timestamp="2024-02-23T20:35:51.275962"><testcase classname="CVE-2017-20189" name="pkg:maven/org.clojure/tools.namespace@0.2.11"><failure message="cvssV3: CRITICAL, score: 9.8 (CVSS:3.1/AV:N/AC:L/PR:N/UI:N/S:U/C:H/I:H/A:H/E:3.9/RC:R/MAV:A)"/><system-out>In Clojure before 1.9.0, classes can be used to construct a serialized object that executes arbitrary code upon deserialization. This is relevant if a server deserializes untrusted objects.</system-out><system-err>location: /Users/mradl/.m2/repository/org/clojure/tools.namespace/0.2.11/tools.namespace-0.2.11.jar, project-references: [  ]</system-err></testcase></testsuite><testsuite failures="1" errors="0" time="0" id="155" name="/Users/mradl/.m2/repository/org/clojure/tools.reader/1.3.6/tools.reader-1.3.6.jar" package="tools.reader-1.3.6.jar" skipped="0" tests="1" timestamp="2024-02-23T20:35:51.275962"><testcase classname="CVE-2017-20189" name="pkg:maven/org.clojure/tools.reader@1.3.6"><failure message="cvssV3: CRITICAL, score: 9.8 (CVSS:3.1/AV:N/AC:L/PR:N/UI:N/S:U/C:H/I:H/A:H/E:3.9/RC:R/MAV:A)"/><system-out>In Clojure before 1.9.0, classes can be used to construct a serialized object that executes arbitrary code upon deserialization. This is relevant if a server deserializes untrusted objects.</system-out><system-err>location: /Users/mradl/.m2/repository/org/clojure/tools.reader/1.3.6/tools.reader-1.3.6.jar, project-references: [  ]</system-err></testcase></testsuite><testsuite failures="0" errors="0" time="0" id="156" name="/Users/mradl/.m2/repository/com/cognitect/transit-clj/0.8.309/transit-clj-0.8.309.jar" package="transit-clj-0.8.309.jar" skipped="0" tests="1" timestamp="2024-02-23T20:35:51.275962"><testcase classname="dependency-check" name="transit-clj-0.8.309.jar"/></testsuite><testsuite failures="0" errors="0" time="0" id="157" name="/Users/mradl/.m2/repository/com/cognitect/transit-cljs/0.8.256/transit-cljs-0.8.256.jar" package="transit-cljs-0.8.256.jar" skipped="0" tests="1" timestamp="2024-02-23T20:35:51.275962"><testcase classname="dependency-check" name="transit-cljs-0.8.256.jar"/></testsuite><testsuite failures="0" errors="0" time="0" id="158" name="/Users/mradl/.m2/repository/com/cognitect/transit-java/0.8.332/transit-java-0.8.332.jar" package="transit-java-0.8.332.jar" skipped="0" tests="1" timestamp="2024-02-23T20:35:51.275962"><testcase classname="dependency-check" name="transit-java-0.8.332.jar"/></testsuite><testsuite failures="0" errors="0" time="0" id="159" name="/Users/mradl/.m2/repository/com/cognitect/transit-js/0.8.846/transit-js-0.8.846.jar" package="transit-js-0.8.846.jar" skipped="0" tests="1" timestamp="2024-02-23T20:35:51.275962"><testcase classname="dependency-check" name="transit-js-0.8.846.jar"/></testsuite><testsuite failures="0" errors="0" time="0" id="160" name="/Users/mradl/.m2/repository/com/taoensso/truss/1.10.1/truss-1.10.1.jar" package="truss-1.10.1.jar" skipped="0" tests="1" timestamp="2024-02-23T20:35:51.275962"><testcase classname="dependency-check" name="truss-1.10.1.jar"/></testsuite><testsuite failures="0" errors="0" time="0" id="161" name="/Users/mradl/.m2/repository/me/xuender/unidecode/0.0.7/unidecode-0.0.7.jar" package="unidecode-0.0.7.jar" skipped="0" tests="1" timestamp="2024-02-23T20:35:51.275962"><testcase classname="dependency-check" name="unidecode-0.0.7.jar"/></testsuite><testsuite failures="0" errors="0" time="0" id="162" name="/Users/mradl/.m2/repository/com/cemerick/url/0.1.1/url-0.1.1.jar" package="url-0.1.1.jar" skipped="0" tests="1" timestamp="2024-02-23T20:35:51.275962"><testcase classname="dependency-check" name="url-0.1.1.jar"/></testsuite><testsuite failures="0" errors="0" time="0" id="163" name="/Users/mradl/.m2/repository/org/flatland/useful/0.10.6/useful-0.10.6.jar" package="useful-0.10.6.jar" skipped="0" tests="1" timestamp="2024-02-23T20:35:51.275962"><testcase classname="dependency-check" name="useful-0.10.6.jar"/></testsuite><testsuite failures="0" errors="0" time="0" id="164" name="/Users/mradl/.m2/repository/thinktopic/wharf/0.2.0/wharf-0.2.0.jar" package="wharf-0.2.0.jar" skipped="0" tests="1" timestamp="2024-02-23T20:35:51.275962"><testcase classname="dependency-check" name="wharf-0.2.0.jar"/></testsuite></testsuites>